This is pdfTeX, Version 3.14159265-2.6-1.40.17 (TeX Live 2016) (preloaded format=pdflatex 2019.11.6)  9 OCT 2020 15:44
entering extended mode
 restricted \write18 enabled.
 %&-line parsing enabled.
**ncRNA-workshop-book.tex
(./ncRNA-workshop-book.tex
LaTeX2e <2016/03/31> patch level 3
Babel <3.9r> and hyphenation patterns for 83 language(s) loaded.

(/data/nasif12/modules_if12/SL7/i12g/texlive/2016/texlive/texmf-dist/tex/latex/
base/book.cls
Document Class: book 2014/09/29 v1.4h Standard LaTeX document class

(/data/nasif12/modules_if12/SL7/i12g/texlive/2016/texlive/texmf-dist/tex/latex/
base/bk10.clo
File: bk10.clo 2014/09/29 v1.4h Standard LaTeX file (size option)
)
\c@part=\count79
\c@chapter=\count80
\c@section=\count81
\c@subsection=\count82
\c@subsubsection=\count83
\c@paragraph=\count84
\c@subparagraph=\count85
\c@figure=\count86
\c@table=\count87
\abovecaptionskip=\skip41
\belowcaptionskip=\skip42
\bibindent=\dimen102
)
(/data/nasif12/modules_if12/SL7/i12g/texlive/2016/texlive/texmf-dist/tex/latex/
psnfss/helvet.sty
Package: helvet 2005/04/12 PSNFSS-v9.2a (WaS) 

(/data/nasif12/modules_if12/SL7/i12g/texlive/2016/texlive/texmf-dist/tex/latex/
graphics/keyval.sty
Package: keyval 2014/10/28 v1.15 key=value parser (DPC)
\KV@toks@=\toks14
))
(/data/nasif12/modules_if12/SL7/i12g/texlive/2016/texlive/texmf-dist/tex/latex/
amsfonts/amssymb.sty
Package: amssymb 2013/01/14 v3.01 AMS font symbols

(/data/nasif12/modules_if12/SL7/i12g/texlive/2016/texlive/texmf-dist/tex/latex/
amsfonts/amsfonts.sty
Package: amsfonts 2013/01/14 v3.01 Basic AMSFonts support
\@emptytoks=\toks15
\symAMSa=\mathgroup4
\symAMSb=\mathgroup5
LaTeX Font Info:    Overwriting math alphabet `\mathfrak' in version `bold'
(Font)                  U/euf/m/n --> U/euf/b/n on input line 106.
))
(/data/nasif12/modules_if12/SL7/i12g/texlive/2016/texlive/texmf-dist/tex/latex/
amsmath/amsmath.sty
Package: amsmath 2016/06/28 v2.15d AMS math features
\@mathmargin=\skip43
For additional information on amsmath, use the `?' option.

(/data/nasif12/modules_if12/SL7/i12g/texlive/2016/texlive/texmf-dist/tex/latex/
amsmath/amstext.sty
Package: amstext 2000/06/29 v2.01 AMS text

(/data/nasif12/modules_if12/SL7/i12g/texlive/2016/texlive/texmf-dist/tex/latex/
amsmath/amsgen.sty
File: amsgen.sty 1999/11/30 v2.0 generic functions
\@emptytoks=\toks16
\ex@=\dimen103
))
(/data/nasif12/modules_if12/SL7/i12g/texlive/2016/texlive/texmf-dist/tex/latex/
amsmath/amsbsy.sty
Package: amsbsy 1999/11/29 v1.2d Bold Symbols
\pmbraise@=\dimen104
)
(/data/nasif12/modules_if12/SL7/i12g/texlive/2016/texlive/texmf-dist/tex/latex/
amsmath/amsopn.sty
Package: amsopn 2016/03/08 v2.02 operator names
)
\inf@bad=\count88
LaTeX Info: Redefining \frac on input line 199.
\uproot@=\count89
\leftroot@=\count90
LaTeX Info: Redefining \overline on input line 297.
\classnum@=\count91
\DOTSCASE@=\count92
LaTeX Info: Redefining \ldots on input line 394.
LaTeX Info: Redefining \dots on input line 397.
LaTeX Info: Redefining \cdots on input line 518.
\Mathstrutbox@=\box26
\strutbox@=\box27
\big@size=\dimen105
LaTeX Font Info:    Redeclaring font encoding OML on input line 634.
LaTeX Font Info:    Redeclaring font encoding OMS on input line 635.
\macc@depth=\count93
\c@MaxMatrixCols=\count94
\dotsspace@=\muskip10
\c@parentequation=\count95
\dspbrk@lvl=\count96
\tag@help=\toks17
\row@=\count97
\column@=\count98
\maxfields@=\count99
\andhelp@=\toks18
\eqnshift@=\dimen106
\alignsep@=\dimen107
\tagshift@=\dimen108
\tagwidth@=\dimen109
\totwidth@=\dimen110
\lineht@=\dimen111
\@envbody=\toks19
\multlinegap=\skip44
\multlinetaggap=\skip45
\mathdisplay@stack=\toks20
LaTeX Info: Redefining \[ on input line 2739.
LaTeX Info: Redefining \] on input line 2740.
)
(/data/nasif12/modules_if12/SL7/i12g/texlive/2016/texlive/texmf-dist/tex/generi
c/ifxetex/ifxetex.sty
Package: ifxetex 2010/09/12 v0.6 Provides ifxetex conditional
)
(/data/nasif12/modules_if12/SL7/i12g/texlive/2016/texlive/texmf-dist/tex/generi
c/oberdiek/ifluatex.sty
Package: ifluatex 2016/05/16 v1.4 Provides the ifluatex switch (HO)
Package ifluatex Info: LuaTeX not detected.
)
(/data/nasif12/modules_if12/SL7/i12g/texlive/2016/texlive/texmf-dist/tex/latex/
base/fixltx2e.sty
Package: fixltx2e 2015/06/22 v2.0b fixes to LaTeX (obsolete)

Package fixltx2e Warning: fixltx2e is not required with releases after 2015
(fixltx2e)                All fixes are now in the LaTeX kernel.
(fixltx2e)                See the latexrelease package for details.

)
(/data/nasif12/modules_if12/SL7/i12g/texlive/2016/texlive/texmf-dist/tex/latex/
base/fontenc.sty
Package: fontenc 2016/06/19 v1.99m Standard LaTeX package

(/data/nasif12/modules_if12/SL7/i12g/texlive/2016/texlive/texmf-dist/tex/latex/
base/t1enc.def
File: t1enc.def 2016/06/19 v1.99m Standard LaTeX file
LaTeX Font Info:    Redeclaring font encoding T1 on input line 48.
))
(/data/nasif12/modules_if12/SL7/i12g/texlive/2016/texlive/texmf-dist/tex/latex/
base/inputenc.sty
Package: inputenc 2015/03/17 v1.2c Input encoding file
\inpenc@prehook=\toks21
\inpenc@posthook=\toks22

(/data/nasif12/modules_if12/SL7/i12g/texlive/2016/texlive/texmf-dist/tex/latex/
base/utf8.def
File: utf8.def 2016/02/28 v1.1s UTF-8 support for inputenc
Now handling font encoding OML ...
... no UTF-8 mapping file for font encoding OML
Now handling font encoding T1 ...
... processing UTF-8 mapping file for font encoding T1

(/data/nasif12/modules_if12/SL7/i12g/texlive/2016/texlive/texmf-dist/tex/latex/
base/t1enc.dfu
File: t1enc.dfu 2016/02/28 v1.1s UTF-8 support for inputenc
   defining Unicode char U+00A0 (decimal 160)
   defining Unicode char U+00A1 (decimal 161)
   defining Unicode char U+00A3 (decimal 163)
   defining Unicode char U+00AB (decimal 171)
   defining Unicode char U+00AD (decimal 173)
   defining Unicode char U+00BB (decimal 187)
   defining Unicode char U+00BF (decimal 191)
   defining Unicode char U+00C0 (decimal 192)
   defining Unicode char U+00C1 (decimal 193)
   defining Unicode char U+00C2 (decimal 194)
   defining Unicode char U+00C3 (decimal 195)
   defining Unicode char U+00C4 (decimal 196)
   defining Unicode char U+00C5 (decimal 197)
   defining Unicode char U+00C6 (decimal 198)
   defining Unicode char U+00C7 (decimal 199)
   defining Unicode char U+00C8 (decimal 200)
   defining Unicode char U+00C9 (decimal 201)
   defining Unicode char U+00CA (decimal 202)
   defining Unicode char U+00CB (decimal 203)
   defining Unicode char U+00CC (decimal 204)
   defining Unicode char U+00CD (decimal 205)
   defining Unicode char U+00CE (decimal 206)
   defining Unicode char U+00CF (decimal 207)
   defining Unicode char U+00D0 (decimal 208)
   defining Unicode char U+00D1 (decimal 209)
   defining Unicode char U+00D2 (decimal 210)
   defining Unicode char U+00D3 (decimal 211)
   defining Unicode char U+00D4 (decimal 212)
   defining Unicode char U+00D5 (decimal 213)
   defining Unicode char U+00D6 (decimal 214)
   defining Unicode char U+00D8 (decimal 216)
   defining Unicode char U+00D9 (decimal 217)
   defining Unicode char U+00DA (decimal 218)
   defining Unicode char U+00DB (decimal 219)
   defining Unicode char U+00DC (decimal 220)
   defining Unicode char U+00DD (decimal 221)
   defining Unicode char U+00DE (decimal 222)
   defining Unicode char U+00DF (decimal 223)
   defining Unicode char U+00E0 (decimal 224)
   defining Unicode char U+00E1 (decimal 225)
   defining Unicode char U+00E2 (decimal 226)
   defining Unicode char U+00E3 (decimal 227)
   defining Unicode char U+00E4 (decimal 228)
   defining Unicode char U+00E5 (decimal 229)
   defining Unicode char U+00E6 (decimal 230)
   defining Unicode char U+00E7 (decimal 231)
   defining Unicode char U+00E8 (decimal 232)
   defining Unicode char U+00E9 (decimal 233)
   defining Unicode char U+00EA (decimal 234)
   defining Unicode char U+00EB (decimal 235)
   defining Unicode char U+00EC (decimal 236)
   defining Unicode char U+00ED (decimal 237)
   defining Unicode char U+00EE (decimal 238)
   defining Unicode char U+00EF (decimal 239)
   defining Unicode char U+00F0 (decimal 240)
   defining Unicode char U+00F1 (decimal 241)
   defining Unicode char U+00F2 (decimal 242)
   defining Unicode char U+00F3 (decimal 243)
   defining Unicode char U+00F4 (decimal 244)
   defining Unicode char U+00F5 (decimal 245)
   defining Unicode char U+00F6 (decimal 246)
   defining Unicode char U+00F8 (decimal 248)
   defining Unicode char U+00F9 (decimal 249)
   defining Unicode char U+00FA (decimal 250)
   defining Unicode char U+00FB (decimal 251)
   defining Unicode char U+00FC (decimal 252)
   defining Unicode char U+00FD (decimal 253)
   defining Unicode char U+00FE (decimal 254)
   defining Unicode char U+00FF (decimal 255)
   defining Unicode char U+0100 (decimal 256)
   defining Unicode char U+0101 (decimal 257)
   defining Unicode char U+0102 (decimal 258)
   defining Unicode char U+0103 (decimal 259)
   defining Unicode char U+0104 (decimal 260)
   defining Unicode char U+0105 (decimal 261)
   defining Unicode char U+0106 (decimal 262)
   defining Unicode char U+0107 (decimal 263)
   defining Unicode char U+0108 (decimal 264)
   defining Unicode char U+0109 (decimal 265)
   defining Unicode char U+010A (decimal 266)
   defining Unicode char U+010B (decimal 267)
   defining Unicode char U+010C (decimal 268)
   defining Unicode char U+010D (decimal 269)
   defining Unicode char U+010E (decimal 270)
   defining Unicode char U+010F (decimal 271)
   defining Unicode char U+0110 (decimal 272)
   defining Unicode char U+0111 (decimal 273)
   defining Unicode char U+0112 (decimal 274)
   defining Unicode char U+0113 (decimal 275)
   defining Unicode char U+0114 (decimal 276)
   defining Unicode char U+0115 (decimal 277)
   defining Unicode char U+0116 (decimal 278)
   defining Unicode char U+0117 (decimal 279)
   defining Unicode char U+0118 (decimal 280)
   defining Unicode char U+0119 (decimal 281)
   defining Unicode char U+011A (decimal 282)
   defining Unicode char U+011B (decimal 283)
   defining Unicode char U+011C (decimal 284)
   defining Unicode char U+011D (decimal 285)
   defining Unicode char U+011E (decimal 286)
   defining Unicode char U+011F (decimal 287)
   defining Unicode char U+0120 (decimal 288)
   defining Unicode char U+0121 (decimal 289)
   defining Unicode char U+0122 (decimal 290)
   defining Unicode char U+0123 (decimal 291)
   defining Unicode char U+0124 (decimal 292)
   defining Unicode char U+0125 (decimal 293)
   defining Unicode char U+0128 (decimal 296)
   defining Unicode char U+0129 (decimal 297)
   defining Unicode char U+012A (decimal 298)
   defining Unicode char U+012B (decimal 299)
   defining Unicode char U+012C (decimal 300)
   defining Unicode char U+012D (decimal 301)
   defining Unicode char U+012E (decimal 302)
   defining Unicode char U+012F (decimal 303)
   defining Unicode char U+0130 (decimal 304)
   defining Unicode char U+0131 (decimal 305)
   defining Unicode char U+0132 (decimal 306)
   defining Unicode char U+0133 (decimal 307)
   defining Unicode char U+0134 (decimal 308)
   defining Unicode char U+0135 (decimal 309)
   defining Unicode char U+0136 (decimal 310)
   defining Unicode char U+0137 (decimal 311)
   defining Unicode char U+0139 (decimal 313)
   defining Unicode char U+013A (decimal 314)
   defining Unicode char U+013B (decimal 315)
   defining Unicode char U+013C (decimal 316)
   defining Unicode char U+013D (decimal 317)
   defining Unicode char U+013E (decimal 318)
   defining Unicode char U+0141 (decimal 321)
   defining Unicode char U+0142 (decimal 322)
   defining Unicode char U+0143 (decimal 323)
   defining Unicode char U+0144 (decimal 324)
   defining Unicode char U+0145 (decimal 325)
   defining Unicode char U+0146 (decimal 326)
   defining Unicode char U+0147 (decimal 327)
   defining Unicode char U+0148 (decimal 328)
   defining Unicode char U+014A (decimal 330)
   defining Unicode char U+014B (decimal 331)
   defining Unicode char U+014C (decimal 332)
   defining Unicode char U+014D (decimal 333)
   defining Unicode char U+014E (decimal 334)
   defining Unicode char U+014F (decimal 335)
   defining Unicode char U+0150 (decimal 336)
   defining Unicode char U+0151 (decimal 337)
   defining Unicode char U+0152 (decimal 338)
   defining Unicode char U+0153 (decimal 339)
   defining Unicode char U+0154 (decimal 340)
   defining Unicode char U+0155 (decimal 341)
   defining Unicode char U+0156 (decimal 342)
   defining Unicode char U+0157 (decimal 343)
   defining Unicode char U+0158 (decimal 344)
   defining Unicode char U+0159 (decimal 345)
   defining Unicode char U+015A (decimal 346)
   defining Unicode char U+015B (decimal 347)
   defining Unicode char U+015C (decimal 348)
   defining Unicode char U+015D (decimal 349)
   defining Unicode char U+015E (decimal 350)
   defining Unicode char U+015F (decimal 351)
   defining Unicode char U+0160 (decimal 352)
   defining Unicode char U+0161 (decimal 353)
   defining Unicode char U+0162 (decimal 354)
   defining Unicode char U+0163 (decimal 355)
   defining Unicode char U+0164 (decimal 356)
   defining Unicode char U+0165 (decimal 357)
   defining Unicode char U+0168 (decimal 360)
   defining Unicode char U+0169 (decimal 361)
   defining Unicode char U+016A (decimal 362)
   defining Unicode char U+016B (decimal 363)
   defining Unicode char U+016C (decimal 364)
   defining Unicode char U+016D (decimal 365)
   defining Unicode char U+016E (decimal 366)
   defining Unicode char U+016F (decimal 367)
   defining Unicode char U+0170 (decimal 368)
   defining Unicode char U+0171 (decimal 369)
   defining Unicode char U+0172 (decimal 370)
   defining Unicode char U+0173 (decimal 371)
   defining Unicode char U+0174 (decimal 372)
   defining Unicode char U+0175 (decimal 373)
   defining Unicode char U+0176 (decimal 374)
   defining Unicode char U+0177 (decimal 375)
   defining Unicode char U+0178 (decimal 376)
   defining Unicode char U+0179 (decimal 377)
   defining Unicode char U+017A (decimal 378)
   defining Unicode char U+017B (decimal 379)
   defining Unicode char U+017C (decimal 380)
   defining Unicode char U+017D (decimal 381)
   defining Unicode char U+017E (decimal 382)
   defining Unicode char U+01CD (decimal 461)
   defining Unicode char U+01CE (decimal 462)
   defining Unicode char U+01CF (decimal 463)
   defining Unicode char U+01D0 (decimal 464)
   defining Unicode char U+01D1 (decimal 465)
   defining Unicode char U+01D2 (decimal 466)
   defining Unicode char U+01D3 (decimal 467)
   defining Unicode char U+01D4 (decimal 468)
   defining Unicode char U+01E2 (decimal 482)
   defining Unicode char U+01E3 (decimal 483)
   defining Unicode char U+01E6 (decimal 486)
   defining Unicode char U+01E7 (decimal 487)
   defining Unicode char U+01E8 (decimal 488)
   defining Unicode char U+01E9 (decimal 489)
   defining Unicode char U+01EA (decimal 490)
   defining Unicode char U+01EB (decimal 491)
   defining Unicode char U+01F0 (decimal 496)
   defining Unicode char U+01F4 (decimal 500)
   defining Unicode char U+01F5 (decimal 501)
   defining Unicode char U+0218 (decimal 536)
   defining Unicode char U+0219 (decimal 537)
   defining Unicode char U+021A (decimal 538)
   defining Unicode char U+021B (decimal 539)
   defining Unicode char U+1E02 (decimal 7682)
   defining Unicode char U+1E03 (decimal 7683)
   defining Unicode char U+200C (decimal 8204)
   defining Unicode char U+2010 (decimal 8208)
   defining Unicode char U+2011 (decimal 8209)
   defining Unicode char U+2012 (decimal 8210)
   defining Unicode char U+2013 (decimal 8211)
   defining Unicode char U+2014 (decimal 8212)
   defining Unicode char U+2015 (decimal 8213)
   defining Unicode char U+2018 (decimal 8216)
   defining Unicode char U+2019 (decimal 8217)
   defining Unicode char U+201A (decimal 8218)
   defining Unicode char U+201C (decimal 8220)
   defining Unicode char U+201D (decimal 8221)
   defining Unicode char U+201E (decimal 8222)
   defining Unicode char U+2030 (decimal 8240)
   defining Unicode char U+2031 (decimal 8241)
   defining Unicode char U+2039 (decimal 8249)
   defining Unicode char U+203A (decimal 8250)
   defining Unicode char U+2423 (decimal 9251)
)
Now handling font encoding OT1 ...
... processing UTF-8 mapping file for font encoding OT1

(/data/nasif12/modules_if12/SL7/i12g/texlive/2016/texlive/texmf-dist/tex/latex/
base/ot1enc.dfu
File: ot1enc.dfu 2016/02/28 v1.1s UTF-8 support for inputenc
   defining Unicode char U+00A0 (decimal 160)
   defining Unicode char U+00A1 (decimal 161)
   defining Unicode char U+00A3 (decimal 163)
   defining Unicode char U+00AD (decimal 173)
   defining Unicode char U+00B8 (decimal 184)
   defining Unicode char U+00BF (decimal 191)
   defining Unicode char U+00C5 (decimal 197)
   defining Unicode char U+00C6 (decimal 198)
   defining Unicode char U+00D8 (decimal 216)
   defining Unicode char U+00DF (decimal 223)
   defining Unicode char U+00E6 (decimal 230)
   defining Unicode char U+00EC (decimal 236)
   defining Unicode char U+00ED (decimal 237)
   defining Unicode char U+00EE (decimal 238)
   defining Unicode char U+00EF (decimal 239)
   defining Unicode char U+00F8 (decimal 248)
   defining Unicode char U+0131 (decimal 305)
   defining Unicode char U+0141 (decimal 321)
   defining Unicode char U+0142 (decimal 322)
   defining Unicode char U+0152 (decimal 338)
   defining Unicode char U+0153 (decimal 339)
   defining Unicode char U+0174 (decimal 372)
   defining Unicode char U+0175 (decimal 373)
   defining Unicode char U+0176 (decimal 374)
   defining Unicode char U+0177 (decimal 375)
   defining Unicode char U+0218 (decimal 536)
   defining Unicode char U+0219 (decimal 537)
   defining Unicode char U+021A (decimal 538)
   defining Unicode char U+021B (decimal 539)
   defining Unicode char U+2013 (decimal 8211)
   defining Unicode char U+2014 (decimal 8212)
   defining Unicode char U+2018 (decimal 8216)
   defining Unicode char U+2019 (decimal 8217)
   defining Unicode char U+201C (decimal 8220)
   defining Unicode char U+201D (decimal 8221)
)
Now handling font encoding OMS ...
... processing UTF-8 mapping file for font encoding OMS

(/data/nasif12/modules_if12/SL7/i12g/texlive/2016/texlive/texmf-dist/tex/latex/
base/omsenc.dfu
File: omsenc.dfu 2016/02/28 v1.1s UTF-8 support for inputenc
   defining Unicode char U+00A7 (decimal 167)
   defining Unicode char U+00B6 (decimal 182)
   defining Unicode char U+00B7 (decimal 183)
   defining Unicode char U+2020 (decimal 8224)
   defining Unicode char U+2021 (decimal 8225)
   defining Unicode char U+2022 (decimal 8226)
)
Now handling font encoding OMX ...
... no UTF-8 mapping file for font encoding OMX
Now handling font encoding U ...
... no UTF-8 mapping file for font encoding U
   defining Unicode char U+00A9 (decimal 169)
   defining Unicode char U+00AA (decimal 170)
   defining Unicode char U+00AE (decimal 174)
   defining Unicode char U+00BA (decimal 186)
   defining Unicode char U+02C6 (decimal 710)
   defining Unicode char U+02DC (decimal 732)
   defining Unicode char U+200C (decimal 8204)
   defining Unicode char U+2026 (decimal 8230)
   defining Unicode char U+2122 (decimal 8482)
   defining Unicode char U+2423 (decimal 9251)
))
(/data/nasif12/modules_if12/SL7/i12g/texlive/2016/texlive/texmf-dist/tex/latex/
base/textcomp.sty
Package: textcomp 2016/06/19 v1.99m Standard LaTeX package
Package textcomp Info: Sub-encoding information:
(textcomp)               5 = only ISO-Adobe without \textcurrency
(textcomp)               4 = 5 + \texteuro
(textcomp)               3 = 4 + \textohm
(textcomp)               2 = 3 + \textestimated + \textcurrency
(textcomp)               1 = TS1 - \textcircled - \t
(textcomp)               0 = TS1 (full)
(textcomp)             Font families with sub-encoding setting implement
(textcomp)             only a restricted character set as indicated.
(textcomp)             Family '?' is the default used for unknown fonts.
(textcomp)             See the documentation for details.
Package textcomp Info: Setting ? sub-encoding to TS1/1 on input line 79.

(/data/nasif12/modules_if12/SL7/i12g/texlive/2016/texlive/texmf-dist/tex/latex/
base/ts1enc.def
File: ts1enc.def 2001/06/05 v3.0e (jk/car/fm) Standard LaTeX file
Now handling font encoding TS1 ...
... processing UTF-8 mapping file for font encoding TS1

(/data/nasif12/modules_if12/SL7/i12g/texlive/2016/texlive/texmf-dist/tex/latex/
base/ts1enc.dfu
File: ts1enc.dfu 2016/02/28 v1.1s UTF-8 support for inputenc
   defining Unicode char U+00A2 (decimal 162)
   defining Unicode char U+00A3 (decimal 163)
   defining Unicode char U+00A4 (decimal 164)
   defining Unicode char U+00A5 (decimal 165)
   defining Unicode char U+00A6 (decimal 166)
   defining Unicode char U+00A7 (decimal 167)
   defining Unicode char U+00A8 (decimal 168)
   defining Unicode char U+00A9 (decimal 169)
   defining Unicode char U+00AA (decimal 170)
   defining Unicode char U+00AC (decimal 172)
   defining Unicode char U+00AE (decimal 174)
   defining Unicode char U+00AF (decimal 175)
   defining Unicode char U+00B0 (decimal 176)
   defining Unicode char U+00B1 (decimal 177)
   defining Unicode char U+00B2 (decimal 178)
   defining Unicode char U+00B3 (decimal 179)
   defining Unicode char U+00B4 (decimal 180)
   defining Unicode char U+00B5 (decimal 181)
   defining Unicode char U+00B6 (decimal 182)
   defining Unicode char U+00B7 (decimal 183)
   defining Unicode char U+00B9 (decimal 185)
   defining Unicode char U+00BA (decimal 186)
   defining Unicode char U+00BC (decimal 188)
   defining Unicode char U+00BD (decimal 189)
   defining Unicode char U+00BE (decimal 190)
   defining Unicode char U+00D7 (decimal 215)
   defining Unicode char U+00F7 (decimal 247)
   defining Unicode char U+0192 (decimal 402)
   defining Unicode char U+02C7 (decimal 711)
   defining Unicode char U+02D8 (decimal 728)
   defining Unicode char U+02DD (decimal 733)
   defining Unicode char U+0E3F (decimal 3647)
   defining Unicode char U+2016 (decimal 8214)
   defining Unicode char U+2020 (decimal 8224)
   defining Unicode char U+2021 (decimal 8225)
   defining Unicode char U+2022 (decimal 8226)
   defining Unicode char U+2030 (decimal 8240)
   defining Unicode char U+2031 (decimal 8241)
   defining Unicode char U+203B (decimal 8251)
   defining Unicode char U+203D (decimal 8253)
   defining Unicode char U+2044 (decimal 8260)
   defining Unicode char U+204E (decimal 8270)
   defining Unicode char U+2052 (decimal 8274)
   defining Unicode char U+20A1 (decimal 8353)
   defining Unicode char U+20A4 (decimal 8356)
   defining Unicode char U+20A6 (decimal 8358)
   defining Unicode char U+20A9 (decimal 8361)
   defining Unicode char U+20AB (decimal 8363)
   defining Unicode char U+20AC (decimal 8364)
   defining Unicode char U+20B1 (decimal 8369)
   defining Unicode char U+2103 (decimal 8451)
   defining Unicode char U+2116 (decimal 8470)
   defining Unicode char U+2117 (decimal 8471)
   defining Unicode char U+211E (decimal 8478)
   defining Unicode char U+2120 (decimal 8480)
   defining Unicode char U+2122 (decimal 8482)
   defining Unicode char U+2126 (decimal 8486)
   defining Unicode char U+2127 (decimal 8487)
   defining Unicode char U+212E (decimal 8494)
   defining Unicode char U+2190 (decimal 8592)
   defining Unicode char U+2191 (decimal 8593)
   defining Unicode char U+2192 (decimal 8594)
   defining Unicode char U+2193 (decimal 8595)
   defining Unicode char U+2329 (decimal 9001)
   defining Unicode char U+232A (decimal 9002)
   defining Unicode char U+2422 (decimal 9250)
   defining Unicode char U+25E6 (decimal 9702)
   defining Unicode char U+25EF (decimal 9711)
   defining Unicode char U+266A (decimal 9834)
))
LaTeX Info: Redefining \oldstylenums on input line 334.
Package textcomp Info: Setting cmr sub-encoding to TS1/0 on input line 349.
Package textcomp Info: Setting cmss sub-encoding to TS1/0 on input line 350.
Package textcomp Info: Setting cmtt sub-encoding to TS1/0 on input line 351.
Package textcomp Info: Setting cmvtt sub-encoding to TS1/0 on input line 352.
Package textcomp Info: Setting cmbr sub-encoding to TS1/0 on input line 353.
Package textcomp Info: Setting cmtl sub-encoding to TS1/0 on input line 354.
Package textcomp Info: Setting ccr sub-encoding to TS1/0 on input line 355.
Package textcomp Info: Setting ptm sub-encoding to TS1/4 on input line 356.
Package textcomp Info: Setting pcr sub-encoding to TS1/4 on input line 357.
Package textcomp Info: Setting phv sub-encoding to TS1/4 on input line 358.
Package textcomp Info: Setting ppl sub-encoding to TS1/3 on input line 359.
Package textcomp Info: Setting pag sub-encoding to TS1/4 on input line 360.
Package textcomp Info: Setting pbk sub-encoding to TS1/4 on input line 361.
Package textcomp Info: Setting pnc sub-encoding to TS1/4 on input line 362.
Package textcomp Info: Setting pzc sub-encoding to TS1/4 on input line 363.
Package textcomp Info: Setting bch sub-encoding to TS1/4 on input line 364.
Package textcomp Info: Setting put sub-encoding to TS1/5 on input line 365.
Package textcomp Info: Setting uag sub-encoding to TS1/5 on input line 366.
Package textcomp Info: Setting ugq sub-encoding to TS1/5 on input line 367.
Package textcomp Info: Setting ul8 sub-encoding to TS1/4 on input line 368.
Package textcomp Info: Setting ul9 sub-encoding to TS1/4 on input line 369.
Package textcomp Info: Setting augie sub-encoding to TS1/5 on input line 370.
Package textcomp Info: Setting dayrom sub-encoding to TS1/3 on input line 371.
Package textcomp Info: Setting dayroms sub-encoding to TS1/3 on input line 372.

Package textcomp Info: Setting pxr sub-encoding to TS1/0 on input line 373.
Package textcomp Info: Setting pxss sub-encoding to TS1/0 on input line 374.
Package textcomp Info: Setting pxtt sub-encoding to TS1/0 on input line 375.
Package textcomp Info: Setting txr sub-encoding to TS1/0 on input line 376.
Package textcomp Info: Setting txss sub-encoding to TS1/0 on input line 377.
Package textcomp Info: Setting txtt sub-encoding to TS1/0 on input line 378.
Package textcomp Info: Setting lmr sub-encoding to TS1/0 on input line 379.
Package textcomp Info: Setting lmdh sub-encoding to TS1/0 on input line 380.
Package textcomp Info: Setting lmss sub-encoding to TS1/0 on input line 381.
Package textcomp Info: Setting lmssq sub-encoding to TS1/0 on input line 382.
Package textcomp Info: Setting lmvtt sub-encoding to TS1/0 on input line 383.
Package textcomp Info: Setting lmtt sub-encoding to TS1/0 on input line 384.
Package textcomp Info: Setting qhv sub-encoding to TS1/0 on input line 385.
Package textcomp Info: Setting qag sub-encoding to TS1/0 on input line 386.
Package textcomp Info: Setting qbk sub-encoding to TS1/0 on input line 387.
Package textcomp Info: Setting qcr sub-encoding to TS1/0 on input line 388.
Package textcomp Info: Setting qcs sub-encoding to TS1/0 on input line 389.
Package textcomp Info: Setting qpl sub-encoding to TS1/0 on input line 390.
Package textcomp Info: Setting qtm sub-encoding to TS1/0 on input line 391.
Package textcomp Info: Setting qzc sub-encoding to TS1/0 on input line 392.
Package textcomp Info: Setting qhvc sub-encoding to TS1/0 on input line 393.
Package textcomp Info: Setting futs sub-encoding to TS1/4 on input line 394.
Package textcomp Info: Setting futx sub-encoding to TS1/4 on input line 395.
Package textcomp Info: Setting futj sub-encoding to TS1/4 on input line 396.
Package textcomp Info: Setting hlh sub-encoding to TS1/3 on input line 397.
Package textcomp Info: Setting hls sub-encoding to TS1/3 on input line 398.
Package textcomp Info: Setting hlst sub-encoding to TS1/3 on input line 399.
Package textcomp Info: Setting hlct sub-encoding to TS1/5 on input line 400.
Package textcomp Info: Setting hlx sub-encoding to TS1/5 on input line 401.
Package textcomp Info: Setting hlce sub-encoding to TS1/5 on input line 402.
Package textcomp Info: Setting hlcn sub-encoding to TS1/5 on input line 403.
Package textcomp Info: Setting hlcw sub-encoding to TS1/5 on input line 404.
Package textcomp Info: Setting hlcf sub-encoding to TS1/5 on input line 405.
Package textcomp Info: Setting pplx sub-encoding to TS1/3 on input line 406.
Package textcomp Info: Setting pplj sub-encoding to TS1/3 on input line 407.
Package textcomp Info: Setting ptmx sub-encoding to TS1/4 on input line 408.
Package textcomp Info: Setting ptmj sub-encoding to TS1/4 on input line 409.
)
(/data/nasif12/modules_if12/SL7/i12g/texlive/2016/texlive/texmf-dist/tex/latex/
upquote/upquote.sty
Package: upquote 2012/04/19 v1.3 upright-quote and grave-accent glyphs in verba
tim
)
(/data/nasif12/modules_if12/SL7/i12g/texlive/2016/texlive/texmf-dist/tex/latex/
microtype/microtype.sty
Package: microtype 2016/05/14 v2.6a Micro-typographical refinements (RS)
\MT@toks=\toks23
\MT@count=\count100
LaTeX Info: Redefining \textls on input line 774.
\MT@outer@kern=\dimen112
LaTeX Info: Redefining \textmicrotypecontext on input line 1310.
\MT@listname@count=\count101

(/data/nasif12/modules_if12/SL7/i12g/texlive/2016/texlive/texmf-dist/tex/latex/
microtype/microtype-pdftex.def
File: microtype-pdftex.def 2016/05/14 v2.6a Definitions specific to pdftex (RS)

LaTeX Info: Redefining \lsstyle on input line 916.
LaTeX Info: Redefining \lslig on input line 916.
\MT@outer@space=\skip46
)
Package microtype Info: Loading configuration file microtype.cfg.

(/data/nasif12/modules_if12/SL7/i12g/texlive/2016/texlive/texmf-dist/tex/latex/
microtype/microtype.cfg
File: microtype.cfg 2016/05/14 v2.6a microtype main configuration file (RS)
))
(/data/nasif12/modules_if12/SL7/i12g/texlive/2016/texlive/texmf-dist/tex/latex/
parskip/parskip.sty
Package: parskip 2001/04/09 non-zero parskip adjustments
)
(/data/nasif12/modules_if12/SL7/i12g/texlive/2016/texlive/texmf-dist/tex/latex/
hyperref/hyperref.sty
Package: hyperref 2016/06/24 v6.83q Hypertext links for LaTeX

(/data/nasif12/modules_if12/SL7/i12g/texlive/2016/texlive/texmf-dist/tex/generi
c/oberdiek/hobsub-hyperref.sty
Package: hobsub-hyperref 2016/05/16 v1.14 Bundle oberdiek, subset hyperref (HO)


(/data/nasif12/modules_if12/SL7/i12g/texlive/2016/texlive/texmf-dist/tex/generi
c/oberdiek/hobsub-generic.sty
Package: hobsub-generic 2016/05/16 v1.14 Bundle oberdiek, subset generic (HO)
Package: hobsub 2016/05/16 v1.14 Construct package bundles (HO)
Package: infwarerr 2016/05/16 v1.4 Providing info/warning/error messages (HO)
Package: ltxcmds 2016/05/16 v1.23 LaTeX kernel commands for general use (HO)
Package hobsub Info: Skipping package `ifluatex' (already loaded).
Package: ifvtex 2016/05/16 v1.6 Detect VTeX and its facilities (HO)
Package ifvtex Info: VTeX not detected.
Package: intcalc 2016/05/16 v1.2 Expandable calculations with integers (HO)
Package: ifpdf 2016/05/14 v3.1 Provides the ifpdf switch
Package: etexcmds 2016/05/16 v1.6 Avoid name clashes with e-TeX commands (HO)
Package etexcmds Info: Could not find \expanded.
(etexcmds)             That can mean that you are not using pdfTeX 1.50 or
(etexcmds)             that some package has redefined \expanded.
(etexcmds)             In the latter case, load this package earlier.
Package: kvsetkeys 2016/05/16 v1.17 Key value parser (HO)
Package: kvdefinekeys 2016/05/16 v1.4 Define keys (HO)
Package: pdftexcmds 2016/05/21 v0.22 Utility functions of pdfTeX for LuaTeX (HO
)
Package pdftexcmds Info: LuaTeX not detected.
Package pdftexcmds Info: \pdf@primitive is available.
Package pdftexcmds Info: \pdf@ifprimitive is available.
Package pdftexcmds Info: \pdfdraftmode found.
Package: pdfescape 2016/05/16 v1.14 Implements pdfTeX's escape features (HO)
Package: bigintcalc 2016/05/16 v1.4 Expandable calculations on big integers (HO
)
Package: bitset 2016/05/16 v1.2 Handle bit-vector datatype (HO)
Package: uniquecounter 2016/05/16 v1.3 Provide unlimited unique counter (HO)
)
Package hobsub Info: Skipping package `hobsub' (already loaded).
Package: letltxmacro 2016/05/16 v1.5 Let assignment for LaTeX macros (HO)
Package: hopatch 2016/05/16 v1.3 Wrapper for package hooks (HO)
Package: xcolor-patch 2016/05/16 xcolor patch
Package: atveryend 2016/05/16 v1.9 Hooks at the very end of document (HO)
Package atveryend Info: \enddocument detected (standard20110627).
Package: atbegshi 2016/06/09 v1.18 At begin shipout hook (HO)
Package: refcount 2016/05/16 v3.5 Data extraction from label references (HO)
Package: hycolor 2016/05/16 v1.8 Color options for hyperref/bookmark (HO)
)
(/data/nasif12/modules_if12/SL7/i12g/texlive/2016/texlive/texmf-dist/tex/latex/
oberdiek/auxhook.sty
Package: auxhook 2016/05/16 v1.4 Hooks for auxiliary files (HO)
)
(/data/nasif12/modules_if12/SL7/i12g/texlive/2016/texlive/texmf-dist/tex/latex/
oberdiek/kvoptions.sty
Package: kvoptions 2016/05/16 v3.12 Key value format for package options (HO)
)
\@linkdim=\dimen113
\Hy@linkcounter=\count102
\Hy@pagecounter=\count103

(/data/nasif12/modules_if12/SL7/i12g/texlive/2016/texlive/texmf-dist/tex/latex/
hyperref/pd1enc.def
File: pd1enc.def 2016/06/24 v6.83q Hyperref: PDFDocEncoding definition (HO)
Now handling font encoding PD1 ...
... no UTF-8 mapping file for font encoding PD1
)
\Hy@SavedSpaceFactor=\count104

(/data/nasif12/modules_if12/SL7/i12g/texlive/2016/texlive/texmf-dist/tex/latex/
latexconfig/hyperref.cfg
File: hyperref.cfg 2002/06/06 v1.2 hyperref configuration of TeXLive
)
Package hyperref Info: Option `unicode' set `true' on input line 4362.

(/data/nasif12/modules_if12/SL7/i12g/texlive/2016/texlive/texmf-dist/tex/latex/
hyperref/puenc.def
File: puenc.def 2016/06/24 v6.83q Hyperref: PDF Unicode definition (HO)
Now handling font encoding PU ...
... no UTF-8 mapping file for font encoding PU
)
Package hyperref Info: Hyper figures OFF on input line 4486.
Package hyperref Info: Link nesting OFF on input line 4491.
Package hyperref Info: Hyper index ON on input line 4494.
Package hyperref Info: Plain pages OFF on input line 4501.
Package hyperref Info: Backreferencing OFF on input line 4506.
Package hyperref Info: Implicit mode ON; LaTeX internals redefined.
Package hyperref Info: Bookmarks ON on input line 4735.
\c@Hy@tempcnt=\count105

(/data/nasif12/modules_if12/SL7/i12g/texlive/2016/texlive/texmf-dist/tex/latex/
url/url.sty
\Urlmuskip=\muskip11
Package: url 2013/09/16  ver 3.4  Verb mode for urls, etc.
)
LaTeX Info: Redefining \url on input line 5088.
\XeTeXLinkMargin=\dimen114
\Fld@menulength=\count106
\Field@Width=\dimen115
\Fld@charsize=\dimen116
Package hyperref Info: Hyper figures OFF on input line 6342.
Package hyperref Info: Link nesting OFF on input line 6347.
Package hyperref Info: Hyper index ON on input line 6350.
Package hyperref Info: backreferencing OFF on input line 6357.
Package hyperref Info: Link coloring OFF on input line 6362.
Package hyperref Info: Link coloring with OCG OFF on input line 6367.
Package hyperref Info: PDF/A mode OFF on input line 6372.
LaTeX Info: Redefining \ref on input line 6412.
LaTeX Info: Redefining \pageref on input line 6416.
\Hy@abspage=\count107
\c@Item=\count108
\c@Hfootnote=\count109
)

Package hyperref Message: Driver (autodetected): hpdftex.


(/data/nasif12/modules_if12/SL7/i12g/texlive/2016/texlive/texmf-dist/tex/latex/
hyperref/hpdftex.def
File: hpdftex.def 2016/06/24 v6.83q Hyperref driver for pdfTeX
\Fld@listcount=\count110
\c@bookmark@seq@number=\count111

(/data/nasif12/modules_if12/SL7/i12g/texlive/2016/texlive/texmf-dist/tex/latex/
oberdiek/rerunfilecheck.sty
Package: rerunfilecheck 2016/05/16 v1.8 Rerun checks for auxiliary files (HO)
Package uniquecounter Info: New unique counter `rerunfilecheck' on input line 2
82.
)
\Hy@SectionHShift=\skip47
)
Package hyperref Info: Option `breaklinks' set `true' on input line 35.

(/data/nasif12/modules_if12/SL7/i12g/texlive/2016/texlive/texmf-dist/tex/latex/
geometry/geometry.sty
Package: geometry 2010/09/12 v5.6 Page Geometry
\Gm@cnth=\count112
\Gm@cntv=\count113
\c@Gm@tempcnt=\count114
\Gm@bindingoffset=\dimen117
\Gm@wd@mp=\dimen118
\Gm@odd@mp=\dimen119
\Gm@even@mp=\dimen120
\Gm@layoutwidth=\dimen121
\Gm@layoutheight=\dimen122
\Gm@layouthoffset=\dimen123
\Gm@layoutvoffset=\dimen124
\Gm@dimlist=\toks24
)
(/data/nasif12/modules_if12/SL7/i12g/texlive/2016/texlive/texmf-dist/tex/latex/
graphics/color.sty
Package: color 2016/07/10 v1.1e Standard LaTeX Color (DPC)

(/data/nasif12/modules_if12/SL7/i12g/texlive/2016/texlive/texmf-dist/tex/latex/
graphics-cfg/color.cfg
File: color.cfg 2016/01/02 v1.6 sample color configuration
)
Package color Info: Driver file: pdftex.def on input line 147.

(/data/nasif12/modules_if12/SL7/i12g/texlive/2016/texlive/texmf-dist/tex/latex/
graphics-def/pdftex.def
File: pdftex.def 2016/07/10 v0.06j Graphics/color for pdfTeX
\Gread@gobject=\count115
))
(/data/nasif12/modules_if12/SL7/i12g/texlive/2016/texlive/texmf-dist/tex/latex/
fancyvrb/fancyvrb.sty
Package: fancyvrb 2008/02/07

Style option: `fancyvrb' v2.7a, with DG/SPQR fixes, and firstline=lastline fix 
<2008/02/07> (tvz)
\FV@CodeLineNo=\count116
\FV@InFile=\read1
\FV@TabBox=\box28
\c@FancyVerbLine=\count117
\FV@StepNumber=\count118
\FV@OutFile=\write3
)
(/data/nasif12/modules_if12/SL7/i12g/texlive/2016/texlive/texmf-dist/tex/latex/
framed/framed.sty
Package: framed 2011/10/22 v 0.96: framed or shaded text with page breaks
\OuterFrameSep=\skip48
\fb@frw=\dimen125
\fb@frh=\dimen126
\FrameRule=\dimen127
\FrameSep=\dimen128
)
(/data/nasif12/modules_if12/SL7/i12g/texlive/2016/texlive/texmf-dist/tex/latex/
tools/longtable.sty
Package: longtable 2014/10/28 v4.11 Multi-page Table package (DPC)
\LTleft=\skip49
\LTright=\skip50
\LTpre=\skip51
\LTpost=\skip52
\LTchunksize=\count119
\LTcapwidth=\dimen129
\LT@head=\box29
\LT@firsthead=\box30
\LT@foot=\box31
\LT@lastfoot=\box32
\LT@cols=\count120
\LT@rows=\count121
\c@LT@tables=\count122
\c@LT@chunks=\count123
\LT@p@ftn=\toks25
)
(/data/nasif12/modules_if12/SL7/i12g/texlive/2016/texlive/texmf-dist/tex/latex/
booktabs/booktabs.sty
Package: booktabs 2016/04/27 v1.618033 publication quality tables
\heavyrulewidth=\dimen130
\lightrulewidth=\dimen131
\cmidrulewidth=\dimen132
\belowrulesep=\dimen133
\belowbottomsep=\dimen134
\aboverulesep=\dimen135
\abovetopsep=\dimen136
\cmidrulesep=\dimen137
\cmidrulekern=\dimen138
\defaultaddspace=\dimen139
\@cmidla=\count124
\@cmidlb=\count125
\@aboverulesep=\dimen140
\@belowrulesep=\dimen141
\@thisruleclass=\count126
\@lastruleclass=\count127
\@thisrulewidth=\dimen142
)
(/data/nasif12/modules_if12/SL7/i12g/texlive/2016/texlive/texmf-dist/tex/latex/
mdwtools/footnote.sty
Package: footnote 1997/01/28 1.13 Save footnotes around boxes
\fn@notes=\box33
\fn@width=\dimen143
)
(/data/nasif12/modules_if12/SL7/i12g/texlive/2016/texlive/texmf-dist/tex/latex/
graphics/graphicx.sty
Package: graphicx 2014/10/28 v1.0g Enhanced LaTeX Graphics (DPC,SPQR)

(/data/nasif12/modules_if12/SL7/i12g/texlive/2016/texlive/texmf-dist/tex/latex/
graphics/graphics.sty
Package: graphics 2016/07/10 v1.0t Standard LaTeX Graphics (DPC,SPQR)

(/data/nasif12/modules_if12/SL7/i12g/texlive/2016/texlive/texmf-dist/tex/latex/
graphics/trig.sty
Package: trig 2016/01/03 v1.10 sin cos tan (DPC)
)
(/data/nasif12/modules_if12/SL7/i12g/texlive/2016/texlive/texmf-dist/tex/latex/
graphics-cfg/graphics.cfg
File: graphics.cfg 2016/06/04 v1.11 sample graphics configuration
)
Package graphics Info: Driver file: pdftex.def on input line 99.
)
\Gin@req@height=\dimen144
\Gin@req@width=\dimen145
)
(/data/nasif12/modules_if12/SL7/i12g/texlive/2016/texlive/texmf-dist/tex/latex/
oberdiek/grffile.sty
Package: grffile 2016/05/16 v1.17 Extended file name support for graphics (HO)
Package grffile Info: Option `multidot' is set to `true'.
Package grffile Info: Option `extendedchars' is set to `false'.
Package grffile Info: Option `space' is set to `true'.
Package grffile Info: \Gin@ii of package `graphicx' fixed on input line 486.
)
(/data/nasif12/modules_if12/SL7/i12g/texlive/2016/texlive/texmf-dist/tex/latex/
titling/titling.sty
Package: titling 2009/09/04 v2.1d maketitle typesetting
\thanksmarkwidth=\skip53
\thanksmargin=\skip54
\droptitle=\skip55
) (./ncRNA-workshop-book.aux)
\openout1 = `ncRNA-workshop-book.aux'.

LaTeX Font Info:    Checking defaults for OML/cmm/m/it on input line 140.
LaTeX Font Info:    ... okay on input line 140.
LaTeX Font Info:    Checking defaults for T1/cmr/m/n on input line 140.
LaTeX Font Info:    ... okay on input line 140.
LaTeX Font Info:    Checking defaults for OT1/cmr/m/n on input line 140.
LaTeX Font Info:    ... okay on input line 140.
LaTeX Font Info:    Checking defaults for OMS/cmsy/m/n on input line 140.
LaTeX Font Info:    ... okay on input line 140.
LaTeX Font Info:    Checking defaults for OMX/cmex/m/n on input line 140.
LaTeX Font Info:    ... okay on input line 140.
LaTeX Font Info:    Checking defaults for U/cmr/m/n on input line 140.
LaTeX Font Info:    ... okay on input line 140.
LaTeX Font Info:    Checking defaults for TS1/cmr/m/n on input line 140.
LaTeX Font Info:    Try loading font information for TS1+cmr on input line 140.


(/data/nasif12/modules_if12/SL7/i12g/texlive/2016/texlive/texmf-dist/tex/latex/
base/ts1cmr.fd
File: ts1cmr.fd 2014/09/29 v2.5h Standard LaTeX font definitions
)
LaTeX Font Info:    ... okay on input line 140.
LaTeX Font Info:    Checking defaults for PD1/pdf/m/n on input line 140.
LaTeX Font Info:    ... okay on input line 140.
LaTeX Font Info:    Checking defaults for PU/pdf/m/n on input line 140.
LaTeX Font Info:    ... okay on input line 140.
LaTeX Font Info:    Try loading font information for T1+phv on input line 140.

(/data/nasif12/modules_if12/SL7/i12g/texlive/2016/texlive/texmf-dist/tex/latex/
psnfss/t1phv.fd
File: t1phv.fd 2001/06/04 scalable font definitions for T1/phv.
)
LaTeX Info: Redefining \microtypecontext on input line 140.
Package microtype Info: Generating PDF output.
Package microtype Info: Character protrusion enabled (level 2).
Package microtype Info: Using protrusion set `basicmath'.
Package microtype Info: Automatic font expansion enabled (level 2),
(microtype)             stretch: 20, shrink: 20, step: 1, non-selected.
Package microtype Info: Using default expansion set `basictext'.
Package microtype Info: No adjustment of tracking.
Package microtype Info: No adjustment of interword spacing.
Package microtype Info: No adjustment of character kerning.
Package microtype Info: Loading generic settings for font family
(microtype)             `phv' (encoding: T1).
(microtype)             For optimal results, create family-specific settings.
(microtype)             See the microtype manual for details.
\AtBeginShipoutBox=\box34
Package hyperref Info: Link coloring OFF on input line 140.

(/data/nasif12/modules_if12/SL7/i12g/texlive/2016/texlive/texmf-dist/tex/latex/
hyperref/nameref.sty
Package: nameref 2016/05/21 v2.44 Cross-referencing by name of section

(/data/nasif12/modules_if12/SL7/i12g/texlive/2016/texlive/texmf-dist/tex/generi
c/oberdiek/gettitlestring.sty
Package: gettitlestring 2016/05/16 v1.5 Cleanup title references (HO)
)
\c@section@level=\count128
)
LaTeX Info: Redefining \ref on input line 140.
LaTeX Info: Redefining \pageref on input line 140.
LaTeX Info: Redefining \nameref on input line 140.
(./ncRNA-workshop-book.out) (./ncRNA-workshop-book.out)
\@outlinefile=\write4
\openout4 = `ncRNA-workshop-book.out'.

*geometry* driver: auto-detecting
*geometry* detected driver: pdftex
*geometry* verbose mode - [ preamble ] result:
* driver: pdftex
* paper: <default>
* layout: <same size as paper>
* layoutoffset:(h,v)=(0.0pt,0.0pt)
* modes: twoside 
* h-part:(L,W,R)=(56.9055pt, 500.484pt, 56.9055pt)
* v-part:(T,H,B)=(56.9055pt, 681.15898pt, 56.9055pt)
* \paperwidth=614.295pt
* \paperheight=794.96999pt
* \textwidth=500.484pt
* \textheight=681.15898pt
* \oddsidemargin=-15.36449pt
* \evensidemargin=-15.36449pt
* \topmargin=-45.43198pt
* \headheight=12.0pt
* \headsep=18.06749pt
* \topskip=10.0pt
* \footskip=25.29494pt
* \marginparwidth=125.0pt
* \marginparsep=7.0pt
* \columnsep=10.0pt
* \skip\footins=9.0pt plus 4.0pt minus 2.0pt
* \hoffset=0.0pt
* \voffset=0.0pt
* \mag=1000
* \@twocolumnfalse
* \@twosidetrue
* \@mparswitchtrue
* \@reversemarginfalse
* (1in=72.27pt=25.4mm, 1cm=28.453pt)


(/data/nasif12/modules_if12/SL7/i12g/texlive/2016/texlive/texmf-dist/tex/contex
t/base/mkii/supp-pdf.mkii
[Loading MPS to PDF converter (version 2006.09.02).]
\scratchcounter=\count129
\scratchdimen=\dimen146
\scratchbox=\box35
\nofMPsegments=\count130
\nofMParguments=\count131
\everyMPshowfont=\toks26
\MPscratchCnt=\count132
\MPscratchDim=\dimen147
\MPnumerator=\count133
\makeMPintoPDFobject=\count134
\everyMPtoPDFconversion=\toks27
)
(/data/nasif12/modules_if12/SL7/i12g/texlive/2016/texlive/texmf-dist/tex/latex/
oberdiek/epstopdf-base.sty
Package: epstopdf-base 2016/05/15 v2.6 Base part for package epstopdf

(/data/nasif12/modules_if12/SL7/i12g/texlive/2016/texlive/texmf-dist/tex/latex/
oberdiek/grfext.sty
Package: grfext 2016/05/16 v1.2 Manage graphics extensions (HO)
)
Package epstopdf-base Info: Redefining graphics rule for `.eps' on input line 4
38.
Package grfext Info: Graphics extension search list:
(grfext)             [.png,.pdf,.jpg,.mps,.jpeg,.jbig2,.jb2,.PNG,.PDF,.JPG,.JPE
G,.JBIG2,.JB2,.eps]
(grfext)             \AppendGraphicsExtensions on input line 456.

(/data/nasif12/modules_if12/SL7/i12g/texlive/2016/texlive/texmf-dist/tex/latex/
latexconfig/epstopdf-sys.cfg
File: epstopdf-sys.cfg 2010/07/13 v1.3 Configuration of (r)epstopdf for TeX Liv
e
)) <ncRNA-in-Heart-Logo.jpg, id=309, 395.4775pt x 513.92pt>
File: ncRNA-in-Heart-Logo.jpg Graphic file (type jpg)
<use ncRNA-in-Heart-Logo.jpg>
Package pdftex.def Info: ncRNA-in-Heart-Logo.jpg used on input line 141.
(pdftex.def)             Requested size: 222.45554pt x 289.07928pt.
LaTeX Font Info:    Font shape `T1/phv/bx/n' in size <17.28> not available
(Font)              Font shape `T1/phv/b/n' tried instead on input line 141.

(/data/nasif12/modules_if12/SL7/i12g/texlive/2016/texlive/texmf-dist/tex/latex/
microtype/mt-cmr.cfg
File: mt-cmr.cfg 2013/05/19 v2.2 microtype config. file: Computer Modern Roman 
(RS)
)
LaTeX Font Info:    Try loading font information for U+msa on input line 141.

(/data/nasif12/modules_if12/SL7/i12g/texlive/2016/texlive/texmf-dist/tex/latex/
amsfonts/umsa.fd
File: umsa.fd 2013/01/14 v3.01 AMS symbols A
)
(/data/nasif12/modules_if12/SL7/i12g/texlive/2016/texlive/texmf-dist/tex/latex/
microtype/mt-msa.cfg
File: mt-msa.cfg 2006/02/04 v1.1 microtype config. file: AMS symbols (a) (RS)
)
LaTeX Font Info:    Try loading font information for U+msb on input line 141.

(/data/nasif12/modules_if12/SL7/i12g/texlive/2016/texlive/texmf-dist/tex/latex/
amsfonts/umsb.fd
File: umsb.fd 2013/01/14 v3.01 AMS symbols B
)
(/data/nasif12/modules_if12/SL7/i12g/texlive/2016/texlive/texmf-dist/tex/latex/
microtype/mt-msb.cfg
File: mt-msb.cfg 2005/06/01 v1.0 microtype config. file: AMS symbols (b) (RS)
) [1


{/opt/modules/i12g/texlive/2016/texmf-var/fonts/map/pdftex/updmap/pdftex.map} <
./ncRNA-in-Heart-Logo.jpg>] [2

]
LaTeX Font Info:    Font shape `T1/phv/bx/n' in size <24.88> not available
(Font)              Font shape `T1/phv/b/n' tried instead on input line 145.
(./ncRNA-workshop-book.toc
LaTeX Font Info:    Font shape `T1/phv/bx/n' in size <10> not available
(Font)              Font shape `T1/phv/b/n' tried instead on input line 1.
LaTeX Font Info:    Try loading font information for T1+cmtt on input line 21.

(/data/nasif12/modules_if12/SL7/i12g/texlive/2016/texlive/texmf-dist/tex/latex/
base/t1cmtt.fd
File: t1cmtt.fd 2014/09/29 v2.5h Standard LaTeX font definitions
) [3])
\tf@toc=\write5
\openout5 = `ncRNA-workshop-book.toc'.

[4]
Chapter 1.
LaTeX Font Info:    Font shape `T1/phv/bx/n' in size <20.74> not available
(Font)              Font shape `T1/phv/b/n' tried instead on input line 148.
[5

] [6

]
Chapter 2.
LaTeX Font Info:    Font shape `T1/phv/bx/n' in size <14.4> not available
(Font)              Font shape `T1/phv/b/n' tried instead on input line 160.
LaTeX Font Info:    Try loading font information for TS1+phv on input line 179.


(/data/nasif12/modules_if12/SL7/i12g/texlive/2016/texlive/texmf-dist/tex/latex/
psnfss/ts1phv.fd
File: ts1phv.fd 2001/06/04 scalable font definitions for TS1/phv.
) [7] [8]
Chapter 3.

Underfull \hbox (badness 10000) in paragraph at lines 209--211

 []

<../assets/img/RStudio.png, id=433, 1858.945pt x 924.45375pt>
File: ../assets/img/RStudio.png Graphic file (type png)
<use ../assets/img/RStudio.png>
Package pdftex.def Info: ../assets/img/RStudio.png used on input line 216.
(pdftex.def)             Requested size: 500.47525pt x 248.88644pt.
[9

 <../assets/img/RStudio.png>]
LaTeX Font Info:    Font shape `T1/cmtt/bx/n' in size <10> not available
(Font)              Font shape `T1/cmtt/m/n' tried instead on input line 275.

<../assets/img/RStudio-New-Project/Rstudio-1.png, id=442, 1445.4pt x 813.0375pt
>
File: ../assets/img/RStudio-New-Project/Rstudio-1.png Graphic file (type png)
<use ../assets/img/RStudio-New-Project/Rstudio-1.png>
Package pdftex.def Info: ../assets/img/RStudio-New-Project/Rstudio-1.png used o
n input line 342.
(pdftex.def)             Requested size: 500.47206pt x 281.51553pt.
[10]
<../assets/img/RStudio-New-Project/Rstudio-2.png, id=450, 1927.2pt x 1084.05pt>
File: ../assets/img/RStudio-New-Project/Rstudio-2.png Graphic file (type png)
<use ../assets/img/RStudio-New-Project/Rstudio-2.png>
Package pdftex.def Info: ../assets/img/RStudio-New-Project/Rstudio-2.png used o
n input line 351.
(pdftex.def)             Requested size: 475.4764pt x 267.45546pt.

<../assets/img/RStudio-New-Project/Rstudio-3.png, id=451, 1927.2pt x 1084.05pt>
File: ../assets/img/RStudio-New-Project/Rstudio-3.png Graphic file (type png)
<use ../assets/img/RStudio-New-Project/Rstudio-3.png>
Package pdftex.def Info: ../assets/img/RStudio-New-Project/Rstudio-3.png used o
n input line 355.
(pdftex.def)             Requested size: 475.4764pt x 267.45546pt.

<../assets/img/RStudio-New-Project/Rstudio-4.png, id=452, 1927.2pt x 1084.05pt>
File: ../assets/img/RStudio-New-Project/Rstudio-4.png Graphic file (type png)
<use ../assets/img/RStudio-New-Project/Rstudio-4.png>
Package pdftex.def Info: ../assets/img/RStudio-New-Project/Rstudio-4.png used o
n input line 357.
(pdftex.def)             Requested size: 475.4764pt x 267.45546pt.
[11 <../assets/img/RStudio-New-Project/Rstudio-1.png> <../assets/img/RStudio-Ne
w-Project/Rstudio-2.png>]
LaTeX Font Info:    Font shape `T1/phv/m/it' in size <10> not available
(Font)              Font shape `T1/phv/m/sl' tried instead on input line 359.

<../assets/img/RStudio-New-Project/Rstudio-5.png, id=460, 1445.4pt x 813.0375pt
>
File: ../assets/img/RStudio-New-Project/Rstudio-5.png Graphic file (type png)
<use ../assets/img/RStudio-New-Project/Rstudio-5.png>
Package pdftex.def Info: ../assets/img/RStudio-New-Project/Rstudio-5.png used o
n input line 361.
(pdftex.def)             Requested size: 475.48373pt x 267.4596pt.
[12 <../assets/img/RStudio-New-Project/Rstudio-3.png> <../assets/img/RStudio-Ne
w-Project/Rstudio-4.png>]
<../assets/img/RStudio-New-Project/Rstudio-6.png, id=468, 1445.4pt x 813.0375pt
>
File: ../assets/img/RStudio-New-Project/Rstudio-6.png Graphic file (type png)
<use ../assets/img/RStudio-New-Project/Rstudio-6.png>
Package pdftex.def Info: ../assets/img/RStudio-New-Project/Rstudio-6.png used o
n input line 365.
(pdftex.def)             Requested size: 475.48373pt x 267.4596pt.

<../assets/img/RStudio-Use-Console/Rstudio-1.0.png, id=469, 1445.4pt x 813.0375
pt>
File: ../assets/img/RStudio-Use-Console/Rstudio-1.0.png Graphic file (type png)

<use ../assets/img/RStudio-Use-Console/Rstudio-1.0.png>
Package pdftex.def Info: ../assets/img/RStudio-Use-Console/Rstudio-1.0.png used
 on input line 369.
(pdftex.def)             Requested size: 475.48373pt x 267.4596pt.
[13 <../assets/img/RStudio-New-Project/Rstudio-5.png> <../assets/img/RStudio-Ne
w-Project/Rstudio-6.png>]
<../assets/img/RStudio-Use-Console/Rstudio-1.1.png, id=477, 1445.4pt x 813.0375
pt>
File: ../assets/img/RStudio-Use-Console/Rstudio-1.1.png Graphic file (type png)

<use ../assets/img/RStudio-Use-Console/Rstudio-1.1.png>
Package pdftex.def Info: ../assets/img/RStudio-Use-Console/Rstudio-1.1.png used
 on input line 373.
(pdftex.def)             Requested size: 475.48373pt x 267.4596pt.

<../assets/img/RStudio-Use-Console/Rstudio-2.png, id=478, 1445.4pt x 813.0375pt
>
File: ../assets/img/RStudio-Use-Console/Rstudio-2.png Graphic file (type png)
<use ../assets/img/RStudio-Use-Console/Rstudio-2.png>
Package pdftex.def Info: ../assets/img/RStudio-Use-Console/Rstudio-2.png used o
n input line 377.
(pdftex.def)             Requested size: 475.48373pt x 267.4596pt.
[14 <../assets/img/RStudio-Use-Console/Rstudio-1.0.png> <../assets/img/RStudio-
Use-Console/Rstudio-1.1.png>]
<../assets/img/RStudio-Create-Save-Script/Rstudio-1.png, id=486, 1927.2pt x 108
4.05pt>
File: ../assets/img/RStudio-Create-Save-Script/Rstudio-1.png Graphic file (type
 png)
<use ../assets/img/RStudio-Create-Save-Script/Rstudio-1.png>
Package pdftex.def Info: ../assets/img/RStudio-Create-Save-Script/Rstudio-1.png
 used on input line 381.
(pdftex.def)             Requested size: 475.4764pt x 267.45546pt.

<../assets/img/RStudio-Create-Save-Script/Rstudio-1.1.png, id=487, 1927.2pt x 1
084.05pt>
File: ../assets/img/RStudio-Create-Save-Script/Rstudio-1.1.png Graphic file (ty
pe png)
<use ../assets/img/RStudio-Create-Save-Script/Rstudio-1.1.png>
Package pdftex.def Info: ../assets/img/RStudio-Create-Save-Script/Rstudio-1.1.p
ng used on input line 383.
(pdftex.def)             Requested size: 475.4764pt x 267.45546pt.

<../assets/img/RStudio-Create-Save-Script/Rstudio-1.2.png, id=488, 1445.4pt x 8
13.0375pt>
File: ../assets/img/RStudio-Create-Save-Script/Rstudio-1.2.png Graphic file (ty
pe png)
<use ../assets/img/RStudio-Create-Save-Script/Rstudio-1.2.png>
Package pdftex.def Info: ../assets/img/RStudio-Create-Save-Script/Rstudio-1.2.p
ng used on input line 385.
(pdftex.def)             Requested size: 475.48373pt x 267.4596pt.

Underfull \hbox (badness 10000) in paragraph at lines 379--387

 []

[15 <../assets/img/RStudio-Use-Console/Rstudio-2.png> <../assets/img/RStudio-Cr
eate-Save-Script/Rstudio-1.png>] [16 <../assets/img/RStudio-Create-Save-Script/
Rstudio-1.1.png> <../assets/img/RStudio-Create-Save-Script/Rstudio-1.2.png>]
Chapter 4.
[17

]
LaTeX Font Info:    Try loading font information for TS1+cmtt on input line 449
.

(/data/nasif12/modules_if12/SL7/i12g/texlive/2016/texlive/texmf-dist/tex/latex/
base/ts1cmtt.fd
File: ts1cmtt.fd 2014/09/29 v2.5h Standard LaTeX font definitions
) [18]
LaTeX Font Info:    Font shape `T1/phv/bx/n' in size <12> not available
(Font)              Font shape `T1/phv/b/n' tried instead on input line 550.
[19] [20] [21] [22]
LaTeX Font Info:    Font shape `T1/phv/bx/sl' in size <10> not available
(Font)              Font shape `T1/phv/b/sl' tried instead on input line 982.
[23] [24]
LaTeX Font Info:    Font shape `T1/cmtt/bx/n' in size <14.4> not available
(Font)              Font shape `T1/cmtt/m/n' tried instead on input line 1155.
[25] [26] [27] [28] [29] [30] [31] [32

]
Chapter 5.
<../assets/img/lec05_tidy-1.png, id=600, 1927.2pt x 602.25pt>
File: ../assets/img/lec05_tidy-1.png Graphic file (type png)
<use ../assets/img/lec05_tidy-1.png>
Package pdftex.def Info: ../assets/img/lec05_tidy-1.png used on input line 1613
.
(pdftex.def)             Requested size: 500.47206pt x 156.3975pt.
[33] [34 <../assets/img/lec05_tidy-1.png>]
<ncRNA-workshop-book_files/figure-latex/leture05-ggplot-tidy-data-1.pdf, id=618
, 451.6875pt x 315.1775pt>
File: ncRNA-workshop-book_files/figure-latex/leture05-ggplot-tidy-data-1.pdf Gr
aphic file (type pdf)
<use ncRNA-workshop-book_files/figure-latex/leture05-ggplot-tidy-data-1.pdf>
Package pdftex.def Info: ncRNA-workshop-book_files/figure-latex/leture05-ggplot
-tidy-data-1.pdf used on input line 1729.
(pdftex.def)             Requested size: 359.62743pt x 250.94003pt.
<../assets/img/lec05_tidy-gather.png, id=619, 1927.2pt x 602.25pt>
File: ../assets/img/lec05_tidy-gather.png Graphic file (type png)
<use ../assets/img/lec05_tidy-gather.png>
Package pdftex.def Info: ../assets/img/lec05_tidy-gather.png used on input line
 1753.
(pdftex.def)             Requested size: 500.47206pt x 156.3975pt.
[35 <./ncRNA-workshop-book_files/figure-latex/leture05-ggplot-tidy-data-1.pdf>]
<../assets/img/lec05_tidy-spread.png, id=632, 1927.2pt x 901.3675pt>
File: ../assets/img/lec05_tidy-spread.png Graphic file (type png)
<use ../assets/img/lec05_tidy-spread.png>
Package pdftex.def Info: ../assets/img/lec05_tidy-spread.png used on input line
 1813.
(pdftex.def)             Requested size: 500.47206pt x 234.07494pt.
[36 <../assets/img/lec05_tidy-gather.png>] [37 <../assets/img/lec05_tidy-spread
.png>] <../assets/img/lec05_tidy-separate.png, id=650, 1471.4975pt x 700.6175pt
>
File: ../assets/img/lec05_tidy-separate.png Graphic file (type png)
<use ../assets/img/lec05_tidy-separate.png>
Package pdftex.def Info: ../assets/img/lec05_tidy-separate.png used on input li
ne 1985.
(pdftex.def)             Requested size: 500.48216pt x 238.29231pt.
[38] <../assets/img/lec05_tidy-unite.png, id=657, 1739.49875pt x 727.71875pt>
File: ../assets/img/lec05_tidy-unite.png Graphic file (type png)
<use ../assets/img/lec05_tidy-unite.png>
Package pdftex.def Info: ../assets/img/lec05_tidy-unite.png used on input line 
2031.
(pdftex.def)             Requested size: 500.48688pt x 209.37852pt.
[39 <../assets/img/lec05_tidy-separate.png> <../assets/img/lec05_tidy-unite.png
>] [40]
Chapter 6.
<../assets/img/missleading-data-1.png, id=674, 1105.12875pt x 563.10374pt>
File: ../assets/img/missleading-data-1.png Graphic file (type png)
<use ../assets/img/missleading-data-1.png>
Package pdftex.def Info: ../assets/img/missleading-data-1.png used on input lin
e 2131.
(pdftex.def)             Requested size: 401.48843pt x 204.57312pt.
<../assets/img/missleading-data-2.png, id=675, 276.03125pt x 185.69376pt>
File: ../assets/img/missleading-data-2.png Graphic file (type png)
<use ../assets/img/missleading-data-2.png>
Package pdftex.def Info: ../assets/img/missleading-data-2.png used on input lin
e 2135.
(pdftex.def)             Requested size: 200.75983pt x 135.05663pt.
[41

 <../assets/img/missleading-data-1.png>] <../assets/img/missleading-data.png, i
d=683, 220.825pt x 172.645pt>
File: ../assets/img/missleading-data.png Graphic file (type png)
<use ../assets/img/missleading-data.png>
Package pdftex.def Info: ../assets/img/missleading-data.png used on input line 
2139.
(pdftex.def)             Requested size: 100.37444pt x 78.47455pt.

<ncRNA-workshop-book_files/figure-latex/lecture-02-78-1.pdf, id=684, 436.63126p
t x 248.93pt>
File: ncRNA-workshop-book_files/figure-latex/lecture-02-78-1.pdf Graphic file (
type pdf)
<use ncRNA-workshop-book_files/figure-latex/lecture-02-78-1.pdf>
Package pdftex.def Info: ncRNA-workshop-book_files/figure-latex/lecture-02-78-1
.pdf used on input line 2192.
(pdftex.def)             Requested size: 250.9411pt x 143.06526pt.

<ncRNA-workshop-book_files/figure-latex/lecture-02-78-2.pdf, id=685, 422.57875p
t x 285.065pt>
File: ncRNA-workshop-book_files/figure-latex/lecture-02-78-2.pdf Graphic file (
type pdf)
<use ncRNA-workshop-book_files/figure-latex/lecture-02-78-2.pdf>
Package pdftex.def Info: ncRNA-workshop-book_files/figure-latex/lecture-02-78-2
.pdf used on input line 2192.
(pdftex.def)             Requested size: 250.9442pt x 169.28302pt.
[42 <../assets/img/missleading-data-2.png> <../assets/img/missleading-data.png>
]
<ncRNA-workshop-book_files/figure-latex/lecture-02-81-1.pdf, id=692, 436.63126p
t x 248.93pt>
File: ncRNA-workshop-book_files/figure-latex/lecture-02-81-1.pdf Graphic file (
type pdf)
<use ncRNA-workshop-book_files/figure-latex/lecture-02-81-1.pdf>
Package pdftex.def Info: ncRNA-workshop-book_files/figure-latex/lecture-02-81-1
.pdf used on input line 2223.
(pdftex.def)             Requested size: 250.9411pt x 143.06526pt.

<ncRNA-workshop-book_files/figure-latex/lecture-02-81-2.pdf, id=693, 422.57875p
t x 285.065pt>
File: ncRNA-workshop-book_files/figure-latex/lecture-02-81-2.pdf Graphic file (
type pdf)
<use ncRNA-workshop-book_files/figure-latex/lecture-02-81-2.pdf>
Package pdftex.def Info: ncRNA-workshop-book_files/figure-latex/lecture-02-81-2
.pdf used on input line 2223.
(pdftex.def)             Requested size: 250.9442pt x 169.28302pt.
[43 <./ncRNA-workshop-book_files/figure-latex/lecture-02-78-1.pdf> <./ncRNA-wor
kshop-book_files/figure-latex/lecture-02-78-2.pdf> <./ncRNA-workshop-book_files
/figure-latex/lecture-02-81-1.pdf>]
<ncRNA-workshop-book_files/figure-latex/lec02_plt1-1.pdf, id=721, 457.71pt x 31
6.18124pt>
File: ncRNA-workshop-book_files/figure-latex/lec02_plt1-1.pdf Graphic file (typ
e pdf)
<use ncRNA-workshop-book_files/figure-latex/lec02_plt1-1.pdf>
Package pdftex.def Info: ncRNA-workshop-book_files/figure-latex/lec02_plt1-1.pd
f used on input line 2254.
(pdftex.def)             Requested size: 363.27011pt x 250.94315pt.
[44 <./ncRNA-workshop-book_files/figure-latex/lecture-02-81-2.pdf>] <../assets/
img/pyramid-of-graphics.png, id=736, 1927.2pt x 1084.05pt>
File: ../assets/img/pyramid-of-graphics.png Graphic file (type png)
<use ../assets/img/pyramid-of-graphics.png>
Package pdftex.def Info: ../assets/img/pyramid-of-graphics.png used on input li
ne 2286.
(pdftex.def)             Requested size: 446.09914pt x 250.93076pt.
[45 <./ncRNA-workshop-book_files/figure-latex/lec02_plt1-1.pdf>]
<ncRNA-workshop-book_files/figure-latex/lecture-02-83-1.pdf, id=749, 459.7175pt
 x 315.1775pt>
File: ncRNA-workshop-book_files/figure-latex/lecture-02-83-1.pdf Graphic file (
type pdf)
<use ncRNA-workshop-book_files/figure-latex/lecture-02-83-1.pdf>
Package pdftex.def Info: ncRNA-workshop-book_files/figure-latex/lecture-02-83-1
.pdf used on input line 2317.
(pdftex.def)             Requested size: 366.02081pt x 250.94003pt.
[46 <../assets/img/pyramid-of-graphics.png (PNG copy)>]
<ncRNA-workshop-book_files/figure-latex/lecture-02-84-1.pdf, id=755, 464.73625p
t x 315.1775pt>
File: ncRNA-workshop-book_files/figure-latex/lecture-02-84-1.pdf Graphic file (
type pdf)
<use ncRNA-workshop-book_files/figure-latex/lecture-02-84-1.pdf>
Package pdftex.def Info: ncRNA-workshop-book_files/figure-latex/lecture-02-84-1
.pdf used on input line 2327.
(pdftex.def)             Requested size: 370.01668pt x 250.94003pt.
[47 <./ncRNA-workshop-book_files/figure-latex/lecture-02-83-1.pdf> <./ncRNA-wor
kshop-book_files/figure-latex/lecture-02-84-1.pdf>]
<ncRNA-workshop-book_files/figure-latex/lecture-02-85-1.pdf, id=772, 464.73625p
t x 315.1775pt>
File: ncRNA-workshop-book_files/figure-latex/lecture-02-85-1.pdf Graphic file (
type pdf)
<use ncRNA-workshop-book_files/figure-latex/lecture-02-85-1.pdf>
Package pdftex.def Info: ncRNA-workshop-book_files/figure-latex/lecture-02-85-1
.pdf used on input line 2337.
(pdftex.def)             Requested size: 370.01668pt x 250.94003pt.

<ncRNA-workshop-book_files/figure-latex/lec02_plt8-1.pdf, id=773, 464.73625pt x
 315.1775pt>
File: ncRNA-workshop-book_files/figure-latex/lec02_plt8-1.pdf Graphic file (typ
e pdf)
<use ncRNA-workshop-book_files/figure-latex/lec02_plt8-1.pdf>
Package pdftex.def Info: ncRNA-workshop-book_files/figure-latex/lec02_plt8-1.pd
f used on input line 2370.
(pdftex.def)             Requested size: 370.01668pt x 250.94003pt.
[48 <./ncRNA-workshop-book_files/figure-latex/lecture-02-85-1.pdf>]
<ncRNA-workshop-book_files/figure-latex/lecture-02-87-1.pdf, id=785, 453.695pt 
x 315.1775pt>
File: ncRNA-workshop-book_files/figure-latex/lecture-02-87-1.pdf Graphic file (
type pdf)
<use ncRNA-workshop-book_files/figure-latex/lecture-02-87-1.pdf>
Package pdftex.def Info: ncRNA-workshop-book_files/figure-latex/lecture-02-87-1
.pdf used on input line 2386.
(pdftex.def)             Requested size: 361.22578pt x 250.94003pt.
[49 <./ncRNA-workshop-book_files/figure-latex/lec02_plt8-1.pdf> <./ncRNA-worksh
op-book_files/figure-latex/lecture-02-87-1.pdf>]
<ncRNA-workshop-book_files/figure-latex/lecture-02-88-1.pdf, id=808, 453.695pt 
x 315.1775pt>
File: ncRNA-workshop-book_files/figure-latex/lecture-02-88-1.pdf Graphic file (
type pdf)
<use ncRNA-workshop-book_files/figure-latex/lecture-02-88-1.pdf>
Package pdftex.def Info: ncRNA-workshop-book_files/figure-latex/lecture-02-88-1
.pdf used on input line 2398.
(pdftex.def)             Requested size: 361.22578pt x 250.94003pt.

<ncRNA-workshop-book_files/figure-latex/lecture-02-89-1.pdf, id=809, 453.695pt 
x 315.1775pt>
File: ncRNA-workshop-book_files/figure-latex/lecture-02-89-1.pdf Graphic file (
type pdf)
<use ncRNA-workshop-book_files/figure-latex/lecture-02-89-1.pdf>
Package pdftex.def Info: ncRNA-workshop-book_files/figure-latex/lecture-02-89-1
.pdf used on input line 2409.
(pdftex.def)             Requested size: 361.22578pt x 250.94003pt.
[50 <./ncRNA-workshop-book_files/figure-latex/lecture-02-88-1.pdf> <./ncRNA-wor
kshop-book_files/figure-latex/lecture-02-89-1.pdf>]
<ncRNA-workshop-book_files/figure-latex/lec02_plt5-1.pdf, id=830, 453.695pt x 3
15.1775pt>
File: ncRNA-workshop-book_files/figure-latex/lec02_plt5-1.pdf Graphic file (typ
e pdf)
<use ncRNA-workshop-book_files/figure-latex/lec02_plt5-1.pdf>
Package pdftex.def Info: ncRNA-workshop-book_files/figure-latex/lec02_plt5-1.pd
f used on input line 2425.
(pdftex.def)             Requested size: 361.22578pt x 250.94003pt.

<ncRNA-workshop-book_files/figure-latex/lec02_plt6-1.pdf, id=831, 464.73625pt x
 315.1775pt>
File: ncRNA-workshop-book_files/figure-latex/lec02_plt6-1.pdf Graphic file (typ
e pdf)
<use ncRNA-workshop-book_files/figure-latex/lec02_plt6-1.pdf>
Package pdftex.def Info: ncRNA-workshop-book_files/figure-latex/lec02_plt6-1.pd
f used on input line 2448.
(pdftex.def)             Requested size: 370.01668pt x 250.94003pt.
[51 <./ncRNA-workshop-book_files/figure-latex/lec02_plt5-1.pdf>]
<ncRNA-workshop-book_files/figure-latex/lec02_plt6-2.pdf, id=843, 453.695pt x 3
15.1775pt>
File: ncRNA-workshop-book_files/figure-latex/lec02_plt6-2.pdf Graphic file (typ
e pdf)
<use ncRNA-workshop-book_files/figure-latex/lec02_plt6-2.pdf>
Package pdftex.def Info: ncRNA-workshop-book_files/figure-latex/lec02_plt6-2.pd
f used on input line 2458.
(pdftex.def)             Requested size: 361.22578pt x 250.94003pt.

<ncRNA-workshop-book_files/figure-latex/lecture-02-90-1.pdf, id=844, 453.695pt 
x 315.1775pt>
File: ncRNA-workshop-book_files/figure-latex/lecture-02-90-1.pdf Graphic file (
type pdf)
<use ncRNA-workshop-book_files/figure-latex/lecture-02-90-1.pdf>
Package pdftex.def Info: ncRNA-workshop-book_files/figure-latex/lecture-02-90-1
.pdf used on input line 2472.
(pdftex.def)             Requested size: 361.22578pt x 250.94003pt.
[52 <./ncRNA-workshop-book_files/figure-latex/lec02_plt6-1.pdf> <./ncRNA-worksh
op-book_files/figure-latex/lec02_plt6-2.pdf>]
<ncRNA-workshop-book_files/figure-latex/lecture-02-91-1.pdf, id=870, 457.71pt x
 316.18124pt>
File: ncRNA-workshop-book_files/figure-latex/lecture-02-91-1.pdf Graphic file (
type pdf)
<use ncRNA-workshop-book_files/figure-latex/lecture-02-91-1.pdf>
Package pdftex.def Info: ncRNA-workshop-book_files/figure-latex/lecture-02-91-1
.pdf used on input line 2489.
(pdftex.def)             Requested size: 363.27011pt x 250.94315pt.
[53 <./ncRNA-workshop-book_files/figure-latex/lecture-02-90-1.pdf> <./ncRNA-wor
kshop-book_files/figure-latex/lecture-02-91-1.pdf>]
<ncRNA-workshop-book_files/figure-latex/lec03_hist1-1.pdf, id=891, 459.7175pt x
 313.17pt>
File: ncRNA-workshop-book_files/figure-latex/lec03_hist1-1.pdf Graphic file (ty
pe pdf)
<use ncRNA-workshop-book_files/figure-latex/lec03_hist1-1.pdf>
Package pdftex.def Info: ncRNA-workshop-book_files/figure-latex/lec03_hist1-1.p
df used on input line 2514.
(pdftex.def)             Requested size: 368.37776pt x 250.94728pt.

<ncRNA-workshop-book_files/figure-latex/lec03_hist2-1.pdf, id=892, 459.7175pt x
 313.17pt>
File: ncRNA-workshop-book_files/figure-latex/lec03_hist2-1.pdf Graphic file (ty
pe pdf)
<use ncRNA-workshop-book_files/figure-latex/lec03_hist2-1.pdf>
Package pdftex.def Info: ncRNA-workshop-book_files/figure-latex/lec03_hist2-1.p
df used on input line 2524.
(pdftex.def)             Requested size: 368.37776pt x 250.94728pt.
[54 <./ncRNA-workshop-book_files/figure-latex/lec03_hist1-1.pdf>]
<ncRNA-workshop-book_files/figure-latex/lec03_density1-1.pdf, id=907, 459.7175p
t x 313.17pt>
File: ncRNA-workshop-book_files/figure-latex/lec03_density1-1.pdf Graphic file 
(type pdf)
<use ncRNA-workshop-book_files/figure-latex/lec03_density1-1.pdf>
Package pdftex.def Info: ncRNA-workshop-book_files/figure-latex/lec03_density1-
1.pdf used on input line 2539.
(pdftex.def)             Requested size: 368.37776pt x 250.94728pt.
[55 <./ncRNA-workshop-book_files/figure-latex/lec03_hist2-1.pdf> <./ncRNA-works
hop-book_files/figure-latex/lec03_density1-1.pdf>]
<ncRNA-workshop-book_files/figure-latex/lec03_hist3-1.pdf, id=929, 459.7175pt x
 313.17pt>
File: ncRNA-workshop-book_files/figure-latex/lec03_hist3-1.pdf Graphic file (ty
pe pdf)
<use ncRNA-workshop-book_files/figure-latex/lec03_hist3-1.pdf>
Package pdftex.def Info: ncRNA-workshop-book_files/figure-latex/lec03_hist3-1.p
df used on input line 2551.
(pdftex.def)             Requested size: 368.37776pt x 250.94728pt.

<ncRNA-workshop-book_files/figure-latex/lec03_density2-1.pdf, id=930, 459.7175p
t x 313.17pt>
File: ncRNA-workshop-book_files/figure-latex/lec03_density2-1.pdf Graphic file 
(type pdf)
<use ncRNA-workshop-book_files/figure-latex/lec03_density2-1.pdf>
Package pdftex.def Info: ncRNA-workshop-book_files/figure-latex/lec03_density2-
1.pdf used on input line 2561.
(pdftex.def)             Requested size: 368.37776pt x 250.94728pt.
[56 <./ncRNA-workshop-book_files/figure-latex/lec03_hist3-1.pdf> <./ncRNA-works
hop-book_files/figure-latex/lec03_density2-1.pdf>]
<../assets/img/lec06_07_plotting/lec06_Boxplot_vs_PDF.png, id=950, 595.22375pt 
x 442.65375pt>
File: ../assets/img/lec06_07_plotting/lec06_Boxplot_vs_PDF.png Graphic file (ty
pe png)
<use ../assets/img/lec06_07_plotting/lec06_Boxplot_vs_PDF.png>
Package pdftex.def Info: ../assets/img/lec06_07_plotting/lec06_Boxplot_vs_PDF.p
ng used on input line 2586.
(pdftex.def)             Requested size: 337.43735pt x 250.9441pt.
<../assets/img/lec05-box_explained.png, id=951, 1042.64531pt x 478.03593pt>
File: ../assets/img/lec05-box_explained.png Graphic file (type png)
<use ../assets/img/lec05-box_explained.png>
Package pdftex.def Info: ../assets/img/lec05-box_explained.png used on input li
ne 2590.
(pdftex.def)             Requested size: 401.50719pt x 184.08452pt.
[57 <../assets/img/lec06_07_plotting/lec06_Boxplot_vs_PDF.png>]
<ncRNA-workshop-book_files/figure-latex/lec05_boxplot1-1.pdf, id=961, 279.0425p
t x 349.305pt>
File: ncRNA-workshop-book_files/figure-latex/lec05_boxplot1-1.pdf Graphic file 
(type pdf)
<use ncRNA-workshop-book_files/figure-latex/lec05_boxplot1-1.pdf>
Package pdftex.def Info: ncRNA-workshop-book_files/figure-latex/lec05_boxplot1-
1.pdf used on input line 2594.
(pdftex.def)             Requested size: 150.56573pt x 188.47797pt.

<ncRNA-workshop-book_files/figure-latex/lec05_boxplot3-1.pdf, id=962, 422.57875
pt x 283.0575pt>
File: ncRNA-workshop-book_files/figure-latex/lec05_boxplot3-1.pdf Graphic file 
(type pdf)
<use ncRNA-workshop-book_files/figure-latex/lec05_boxplot3-1.pdf>
Package pdftex.def Info: ncRNA-workshop-book_files/figure-latex/lec05_boxplot3-
1.pdf used on input line 2598.
(pdftex.def)             Requested size: 220.83192pt x 147.92067pt.

<ncRNA-workshop-book_files/figure-latex/lec05_boxplot3-2.pdf, id=963, 407.5225p
t x 193.72375pt>
File: ncRNA-workshop-book_files/figure-latex/lec05_boxplot3-2.pdf Graphic file 
(type pdf)
<use ncRNA-workshop-book_files/figure-latex/lec05_boxplot3-2.pdf>
Package pdftex.def Info: ncRNA-workshop-book_files/figure-latex/lec05_boxplot3-
2.pdf used on input line 2598.
(pdftex.def)             Requested size: 220.82372pt x 104.97284pt.
[58 <../assets/img/lec05-box_explained.png> <./ncRNA-workshop-book_files/figure
-latex/lec05_boxplot1-1.pdf> <./ncRNA-workshop-book_files/figure-latex/lec05_bo
xplot3-1.pdf> <./ncRNA-workshop-book_files/figure-latex/lec05_boxplot3-2.pdf>]
<ncRNA-workshop-book_files/figure-latex/lec05_boxplot4-1.pdf, id=992, 459.7175p
t x 313.17pt>
File: ncRNA-workshop-book_files/figure-latex/lec05_boxplot4-1.pdf Graphic file 
(type pdf)
<use ncRNA-workshop-book_files/figure-latex/lec05_boxplot4-1.pdf>
Package pdftex.def Info: ncRNA-workshop-book_files/figure-latex/lec05_boxplot4-
1.pdf used on input line 2616.
(pdftex.def)             Requested size: 368.37776pt x 250.94728pt.

<ncRNA-workshop-book_files/figure-latex/lec05_boxplot5-1.pdf, id=993, 459.7175p
t x 313.17pt>
File: ncRNA-workshop-book_files/figure-latex/lec05_boxplot5-1.pdf Graphic file 
(type pdf)
<use ncRNA-workshop-book_files/figure-latex/lec05_boxplot5-1.pdf>
Package pdftex.def Info: ncRNA-workshop-book_files/figure-latex/lec05_boxplot5-
1.pdf used on input line 2631.
(pdftex.def)             Requested size: 368.37776pt x 250.94728pt.
[59 <./ncRNA-workshop-book_files/figure-latex/lec05_boxplot4-1.pdf>]
<ncRNA-workshop-book_files/figure-latex/lec05_beeswarm-1.pdf, id=1009, 459.7175
pt x 313.17pt>
File: ncRNA-workshop-book_files/figure-latex/lec05_beeswarm-1.pdf Graphic file 
(type pdf)
<use ncRNA-workshop-book_files/figure-latex/lec05_beeswarm-1.pdf>
Package pdftex.def Info: ncRNA-workshop-book_files/figure-latex/lec05_beeswarm-
1.pdf used on input line 2648.
(pdftex.def)             Requested size: 368.37776pt x 250.94728pt.
[60 <./ncRNA-workshop-book_files/figure-latex/lec05_boxplot5-1.pdf> <./ncRNA-wo
rkshop-book_files/figure-latex/lec05_beeswarm-1.pdf>]
<ncRNA-workshop-book_files/figure-latex/lec05_coun-1.pdf, id=1031, 459.7175pt x
 313.17pt>
File: ncRNA-workshop-book_files/figure-latex/lec05_coun-1.pdf Graphic file (typ
e pdf)
<use ncRNA-workshop-book_files/figure-latex/lec05_coun-1.pdf>
Package pdftex.def Info: ncRNA-workshop-book_files/figure-latex/lec05_coun-1.pd
f used on input line 2666.
(pdftex.def)             Requested size: 368.37776pt x 250.94728pt.

<ncRNA-workshop-book_files/figure-latex/lec05_erb-1.pdf, id=1032, 457.71pt x 31
3.17pt>
File: ncRNA-workshop-book_files/figure-latex/lec05_erb-1.pdf Graphic file (type
 pdf)
<use ncRNA-workshop-book_files/figure-latex/lec05_erb-1.pdf>
Package pdftex.def Info: ncRNA-workshop-book_files/figure-latex/lec05_erb-1.pdf
 used on input line 2687.
(pdftex.def)             Requested size: 366.76913pt x 250.94728pt.
[61 <./ncRNA-workshop-book_files/figure-latex/lec05_coun-1.pdf>]
<ncRNA-workshop-book_files/figure-latex/lec05_point1-1.pdf, id=1050, 459.7175pt
 x 315.1775pt>
File: ncRNA-workshop-book_files/figure-latex/lec05_point1-1.pdf Graphic file (t
ype pdf)
<use ncRNA-workshop-book_files/figure-latex/lec05_point1-1.pdf>
Package pdftex.def Info: ncRNA-workshop-book_files/figure-latex/lec05_point1-1.
pdf used on input line 2705.
(pdftex.def)             Requested size: 366.02081pt x 250.94003pt.
[62 <./ncRNA-workshop-book_files/figure-latex/lec05_erb-1.pdf> <./ncRNA-worksho
p-book_files/figure-latex/lec05_point1-1.pdf>]
<ncRNA-workshop-book_files/figure-latex/lec05_point2-1.pdf, id=1072, 453.695pt 
x 315.1775pt>
File: ncRNA-workshop-book_files/figure-latex/lec05_point2-1.pdf Graphic file (t
ype pdf)
<use ncRNA-workshop-book_files/figure-latex/lec05_point2-1.pdf>
Package pdftex.def Info: ncRNA-workshop-book_files/figure-latex/lec05_point2-1.
pdf used on input line 2715.
(pdftex.def)             Requested size: 361.22578pt x 250.94003pt.

<ncRNA-workshop-book_files/figure-latex/lec05_point22-1.pdf, id=1073, 351.3125p
t x 206.7725pt>
File: ncRNA-workshop-book_files/figure-latex/lec05_point22-1.pdf Graphic file (
type pdf)
<use ncRNA-workshop-book_files/figure-latex/lec05_point22-1.pdf>
Package pdftex.def Info: ncRNA-workshop-book_files/figure-latex/lec05_point22-1
.pdf used on input line 2725.
(pdftex.def)             Requested size: 426.35988pt x 250.94324pt.
[63 <./ncRNA-workshop-book_files/figure-latex/lec05_point2-1.pdf> <./ncRNA-work
shop-book_files/figure-latex/lec05_point22-1.pdf>]
<ncRNA-workshop-book_files/figure-latex/lec05_point11-1.pdf, id=1094, 459.7175p
t x 315.1775pt>
File: ncRNA-workshop-book_files/figure-latex/lec05_point11-1.pdf Graphic file (
type pdf)
<use ncRNA-workshop-book_files/figure-latex/lec05_point11-1.pdf>
Package pdftex.def Info: ncRNA-workshop-book_files/figure-latex/lec05_point11-1
.pdf used on input line 2743.
(pdftex.def)             Requested size: 366.02081pt x 250.94003pt.

<ncRNA-workshop-book_files/figure-latex/lec05_point111-1.pdf, id=1095, 459.7175
pt x 315.1775pt>
File: ncRNA-workshop-book_files/figure-latex/lec05_point111-1.pdf Graphic file 
(type pdf)
<use ncRNA-workshop-book_files/figure-latex/lec05_point111-1.pdf>
Package pdftex.def Info: ncRNA-workshop-book_files/figure-latex/lec05_point111-
1.pdf used on input line 2756.
(pdftex.def)             Requested size: 366.02081pt x 250.94003pt.
[64 <./ncRNA-workshop-book_files/figure-latex/lec05_point11-1.pdf>]
<ncRNA-workshop-book_files/figure-latex/lecture-02-96-1.pdf, id=1107, 459.7175p
t x 315.1775pt>
File: ncRNA-workshop-book_files/figure-latex/lecture-02-96-1.pdf Graphic file (
type pdf)
<use ncRNA-workshop-book_files/figure-latex/lecture-02-96-1.pdf>
Package pdftex.def Info: ncRNA-workshop-book_files/figure-latex/lecture-02-96-1
.pdf used on input line 2772.
(pdftex.def)             Requested size: 366.02081pt x 250.94003pt.
[65 <./ncRNA-workshop-book_files/figure-latex/lec05_point111-1.pdf> <./ncRNA-wo
rkshop-book_files/figure-latex/lecture-02-96-1.pdf>]
<ncRNA-workshop-book_files/figure-latex/lecture-02-97-1.pdf, id=1128, 459.7175p
t x 315.1775pt>
File: ncRNA-workshop-book_files/figure-latex/lecture-02-97-1.pdf Graphic file (
type pdf)
<use ncRNA-workshop-book_files/figure-latex/lecture-02-97-1.pdf>
Package pdftex.def Info: ncRNA-workshop-book_files/figure-latex/lecture-02-97-1
.pdf used on input line 2784.
(pdftex.def)             Requested size: 366.02081pt x 250.94003pt.

<ncRNA-workshop-book_files/figure-latex/lecture-02-98-1.pdf, id=1129, 459.7175p
t x 315.1775pt>
File: ncRNA-workshop-book_files/figure-latex/lecture-02-98-1.pdf Graphic file (
type pdf)
<use ncRNA-workshop-book_files/figure-latex/lecture-02-98-1.pdf>
Package pdftex.def Info: ncRNA-workshop-book_files/figure-latex/lecture-02-98-1
.pdf used on input line 2795.
(pdftex.def)             Requested size: 366.02081pt x 250.94003pt.
[66 <./ncRNA-workshop-book_files/figure-latex/lecture-02-97-1.pdf> <./ncRNA-wor
kshop-book_files/figure-latex/lecture-02-98-1.pdf>]
<ncRNA-workshop-book_files/figure-latex/lec05_hex-1.pdf, id=1149, 451.6875pt x 
313.17pt>
File: ncRNA-workshop-book_files/figure-latex/lec05_hex-1.pdf Graphic file (type
 pdf)
<use ncRNA-workshop-book_files/figure-latex/lec05_hex-1.pdf>
Package pdftex.def Info: ncRNA-workshop-book_files/figure-latex/lec05_hex-1.pdf
 used on input line 2812.
(pdftex.def)             Requested size: 361.9432pt x 250.94728pt.

<ncRNA-workshop-book_files/figure-latex/lec05_line-1.pdf, id=1150, 459.7175pt x
 313.17pt>
File: ncRNA-workshop-book_files/figure-latex/lec05_line-1.pdf Graphic file (typ
e pdf)
<use ncRNA-workshop-book_files/figure-latex/lec05_line-1.pdf>
Package pdftex.def Info: ncRNA-workshop-book_files/figure-latex/lec05_line-1.pd
f used on input line 2828.
(pdftex.def)             Requested size: 368.37776pt x 250.94728pt.
[67 <./ncRNA-workshop-book_files/figure-latex/lec05_hex-1.pdf>]
<ncRNA-workshop-book_files/figure-latex/lec04_ggpairs-1.pdf, id=1167, 459.7175p
t x 313.17pt>
File: ncRNA-workshop-book_files/figure-latex/lec04_ggpairs-1.pdf Graphic file (
type pdf)
<use ncRNA-workshop-book_files/figure-latex/lec04_ggpairs-1.pdf>
Package pdftex.def Info: ncRNA-workshop-book_files/figure-latex/lec04_ggpairs-1
.pdf used on input line 2847.
(pdftex.def)             Requested size: 368.37776pt x 250.94728pt.
[68 <./ncRNA-workshop-book_files/figure-latex/lec05_line-1.pdf>]
<ncRNA-workshop-book_files/figure-latex/lec04_corplot-1.pdf, id=1182, 364.36125
pt x 292.09125pt>
File: ncRNA-workshop-book_files/figure-latex/lec04_corplot-1.pdf Graphic file (
type pdf)
<use ncRNA-workshop-book_files/figure-latex/lec04_corplot-1.pdf>
Package pdftex.def Info: ncRNA-workshop-book_files/figure-latex/lec04_corplot-1
.pdf used on input line 2864.
(pdftex.def)             Requested size: 313.03877pt x 250.94843pt.
[69 <./ncRNA-workshop-book_files/figure-latex/lec04_ggpairs-1.pdf> <./ncRNA-wor
kshop-book_files/figure-latex/lec04_corplot-1.pdf>] [70]
Chapter 7.

<ncRNA-workshop-book_files/figure-latex/lec04_heatmap-1.pdf, id=1217, 453.695pt
 x 313.17pt>
File: ncRNA-workshop-book_files/figure-latex/lec04_heatmap-1.pdf Graphic file (
type pdf)
<use ncRNA-workshop-book_files/figure-latex/lec04_heatmap-1.pdf>
Package pdftex.def Info: ncRNA-workshop-book_files/figure-latex/lec04_heatmap-1
.pdf used on input line 2932.
(pdftex.def)             Requested size: 363.55185pt x 250.94728pt.

<ncRNA-workshop-book_files/figure-latex/lec-07-heatmap222-1.pdf, id=1218, 498.8
6375pt x 422.57875pt>
File: ncRNA-workshop-book_files/figure-latex/lec-07-heatmap222-1.pdf Graphic fi
le (type pdf)
<use ncRNA-workshop-book_files/figure-latex/lec-07-heatmap222-1.pdf>
Package pdftex.def Info: ncRNA-workshop-book_files/figure-latex/lec-07-heatmap2
22-1.pdf used on input line 2943.
(pdftex.def)             Requested size: 296.2453pt x 250.9442pt.
[71

 <./ncRNA-workshop-book_files/figure-latex/lec04_heatmap-1.pdf>]
<ncRNA-workshop-book_files/figure-latex/lec-07-heatmap-1.pdf, id=1233, 498.8637
5pt x 422.57875pt>
File: ncRNA-workshop-book_files/figure-latex/lec-07-heatmap-1.pdf Graphic file 
(type pdf)
<use ncRNA-workshop-book_files/figure-latex/lec-07-heatmap-1.pdf>
Package pdftex.def Info: ncRNA-workshop-book_files/figure-latex/lec-07-heatmap-
1.pdf used on input line 2954.
(pdftex.def)             Requested size: 296.2453pt x 250.9442pt.
[72 <./ncRNA-workshop-book_files/figure-latex/lec-07-heatmap222-1.pdf> <./ncRNA
-workshop-book_files/figure-latex/lec-07-heatmap-1.pdf>]
<ncRNA-workshop-book_files/figure-latex/lec-07-hclust-1.pdf, id=1253, 784.9325p
t x 605.26125pt>
File: ncRNA-workshop-book_files/figure-latex/lec-07-hclust-1.pdf Graphic file (
type pdf)
<use ncRNA-workshop-book_files/figure-latex/lec-07-hclust-1.pdf>
Package pdftex.def Info: ncRNA-workshop-book_files/figure-latex/lec-07-hclust-1
.pdf used on input line 3008.
(pdftex.def)             Requested size: 325.4295pt x 250.9386pt.
[73]
<ncRNA-workshop-book_files/figure-latex/lec-071-hclust-1.pdf, id=1264, 806.0112
5pt x 605.26125pt>
File: ncRNA-workshop-book_files/figure-latex/lec-071-hclust-1.pdf Graphic file 
(type pdf)
<use ncRNA-workshop-book_files/figure-latex/lec-071-hclust-1.pdf>
Package pdftex.def Info: ncRNA-workshop-book_files/figure-latex/lec-071-hclust-
1.pdf used on input line 3022.
(pdftex.def)             Requested size: 334.16867pt x 250.9386pt.
[74 <./ncRNA-workshop-book_files/figure-latex/lec-07-hclust-1.pdf> <./ncRNA-wor
kshop-book_files/figure-latex/lec-071-hclust-1.pdf>]
<ncRNA-workshop-book_files/figure-latex/lec-07111-heatmap-1.pdf, id=1285, 645.4
1125pt x 567.11874pt>
File: ncRNA-workshop-book_files/figure-latex/lec-07111-heatmap-1.pdf Graphic fi
le (type pdf)
<use ncRNA-workshop-book_files/figure-latex/lec-07111-heatmap-1.pdf>
Package pdftex.def Info: ncRNA-workshop-book_files/figure-latex/lec-07111-heatm
ap-1.pdf used on input line 3083.
(pdftex.def)             Requested size: 285.57722pt x 250.93489pt.
[75 <./ncRNA-workshop-book_files/figure-latex/lec-07111-heatmap-1.pdf>] <../ass
ets/img/kMeansD.png, id=1301, 609.27625pt x 706.64pt>
File: ../assets/img/kMeansD.png Graphic file (type png)
<use ../assets/img/kMeansD.png>
Package pdftex.def Info: ../assets/img/kMeansD.png used on input line 3093.
(pdftex.def)             Requested size: 216.3643pt x 250.93982pt.
[76 <../assets/img/kMeansD.png (PNG copy)>] <../assets/img/lec07_kmeans_assumpt
ions.png, id=1320, 867.24pt x 867.24pt>
File: ../assets/img/lec07_kmeans_assumptions.png Graphic file (type png)
<use ../assets/img/lec07_kmeans_assumptions.png>
Package pdftex.def Info: ../assets/img/lec07_kmeans_assumptions.png used on inp
ut line 3123.
(pdftex.def)             Requested size: 250.93738pt x 250.93738pt.

<ncRNA-workshop-book_files/figure-latex/lec-07-iris-1.pdf, id=1321, 459.7175pt 
x 315.1775pt>
File: ncRNA-workshop-book_files/figure-latex/lec-07-iris-1.pdf Graphic file (ty
pe pdf)
<use ncRNA-workshop-book_files/figure-latex/lec-07-iris-1.pdf>
Package pdftex.def Info: ncRNA-workshop-book_files/figure-latex/lec-07-iris-1.p
df used on input line 3154.
(pdftex.def)             Requested size: 366.02081pt x 250.94003pt.
[77 <../assets/img/lec07_kmeans_assumptions.png>]
<ncRNA-workshop-book_files/figure-latex/lec-07-col-species-1.pdf, id=1330, 453.
695pt x 315.1775pt>
File: ncRNA-workshop-book_files/figure-latex/lec-07-col-species-1.pdf Graphic f
ile (type pdf)
<use ncRNA-workshop-book_files/figure-latex/lec-07-col-species-1.pdf>
Package pdftex.def Info: ncRNA-workshop-book_files/figure-latex/lec-07-col-spec
ies-1.pdf used on input line 3210.
(pdftex.def)             Requested size: 361.22578pt x 250.94003pt.
[78 <./ncRNA-workshop-book_files/figure-latex/lec-07-iris-1.pdf>]
<ncRNA-workshop-book_files/figure-latex/lec-07-col-cluster-1.pdf, id=1342, 453.
695pt x 315.1775pt>
File: ncRNA-workshop-book_files/figure-latex/lec-07-col-cluster-1.pdf Graphic f
ile (type pdf)
<use ncRNA-workshop-book_files/figure-latex/lec-07-col-cluster-1.pdf>
Package pdftex.def Info: ncRNA-workshop-book_files/figure-latex/lec-07-col-clus
ter-1.pdf used on input line 3218.
(pdftex.def)             Requested size: 361.22578pt x 250.94003pt.

Overfull \vbox (2.05548pt too high) detected at line 3233
 []

[79 <./ncRNA-workshop-book_files/figure-latex/lec-07-col-species-1.pdf> <./ncRN
A-workshop-book_files/figure-latex/lec-07-col-cluster-1.pdf>]
<ncRNA-workshop-book_files/figure-latex/lec-07-heatmap-annot-1.pdf, id=1364, 71
7.68124pt x 569.12625pt>
File: ncRNA-workshop-book_files/figure-latex/lec-07-heatmap-annot-1.pdf Graphic
 file (type pdf)
<use ncRNA-workshop-book_files/figure-latex/lec-07-heatmap-annot-1.pdf>
Package pdftex.def Info: ncRNA-workshop-book_files/figure-latex/lec-07-heatmap-
annot-1.pdf used on input line 3235.
(pdftex.def)             Requested size: 316.43777pt x 250.93738pt.
[80 <./ncRNA-workshop-book_files/figure-latex/lec-07-heatmap-annot-1.pdf>]

Package amsmath Warning: Foreign command \atopwithdelims;
(amsmath)                \frac or \genfrac should be used instead
(amsmath)                 on input line 3271.

<../assets/img/lec07_pca_toy_example.png, id=1379, 232.4685pt x 153.4533pt>
File: ../assets/img/lec07_pca_toy_example.png Graphic file (type png)
<use ../assets/img/lec07_pca_toy_example.png>
Package pdftex.def Info: ../assets/img/lec07_pca_toy_example.png used on input 
line 3303.
(pdftex.def)             Requested size: 301.16258pt x 198.79848pt.
[81]
<../assets/img/lec07_pca_toy_example_scatter.png, id=1390, 238.491pt x 179.4705
pt>
File: ../assets/img/lec07_pca_toy_example_scatter.png Graphic file (type png)
<use ../assets/img/lec07_pca_toy_example_scatter.png>
Package pdftex.def Info: ../assets/img/lec07_pca_toy_example_scatter.png used o
n input line 3330.
(pdftex.def)             Requested size: 200.75319pt x 151.07184pt.
[82 <../assets/img/lec07_pca_toy_example.png> <../assets/img/lec07_pca_toy_exam
ple_scatter.png>]
<../assets/img/lec07_pca_toy_example_redundancy.png, id=1398, 223.0734pt x 118.
7637pt>
File: ../assets/img/lec07_pca_toy_example_redundancy.png Graphic file (type png
)
<use ../assets/img/lec07_pca_toy_example_redundancy.png>
Package pdftex.def Info: ../assets/img/lec07_pca_toy_example_redundancy.png use
d on input line 3335.
(pdftex.def)             Requested size: 200.75739pt x 106.8827pt.
[83 <../assets/img/lec07_pca_toy_example_redundancy.png>]
<ncRNA-workshop-book_files/figure-latex/lec-07-scree_plot-1.pdf, id=1412, 459.7
175pt x 432.61626pt>
File: ncRNA-workshop-book_files/figure-latex/lec-07-scree_plot-1.pdf Graphic fi
le (type pdf)
<use ncRNA-workshop-book_files/figure-latex/lec-07-scree_plot-1.pdf>
Package pdftex.def Info: ncRNA-workshop-book_files/figure-latex/lec-07-scree_pl
ot-1.pdf used on input line 3424.
(pdftex.def)             Requested size: 266.65738pt x 250.93741pt.
[84 <./ncRNA-workshop-book_files/figure-latex/lec-07-scree_plot-1.pdf>]
<ncRNA-workshop-book_files/figure-latex/lec-07-scree-plot-variant-1.pdf, id=142
7, 476.78125pt x 432.61626pt>
File: ncRNA-workshop-book_files/figure-latex/lec-07-scree-plot-variant-1.pdf Gr
aphic file (type pdf)
<use ncRNA-workshop-book_files/figure-latex/lec-07-scree-plot-variant-1.pdf>
Package pdftex.def Info: ncRNA-workshop-book_files/figure-latex/lec-07-scree-pl
ot-variant-1.pdf used on input line 3437.
(pdftex.def)             Requested size: 276.55513pt x 250.93741pt.

<ncRNA-workshop-book_files/figure-latex/lec-07-biplot-1.pdf, id=1428, 600.2425p
t x 599.23875pt>
File: ncRNA-workshop-book_files/figure-latex/lec-07-biplot-1.pdf Graphic file (
type pdf)
<use ncRNA-workshop-book_files/figure-latex/lec-07-biplot-1.pdf>
Package pdftex.def Info: ncRNA-workshop-book_files/figure-latex/lec-07-biplot-1
.pdf used on input line 3447.
(pdftex.def)             Requested size: 251.35825pt x 250.93793pt.
[85 <./ncRNA-workshop-book_files/figure-latex/lec-07-scree-plot-variant-1.pdf> 
<./ncRNA-workshop-book_files/figure-latex/lec-07-biplot-1.pdf>] [86] [87] [88

]
Chapter 8.
[89] [90]
Chapter 9.
<../assets/img/lec05_untidy_rel.png, id=1479, 841.1425pt x 344.28625pt>
File: ../assets/img/lec05_untidy_rel.png Graphic file (type png)
<use ../assets/img/lec05_untidy_rel.png>
Package pdftex.def Info: ../assets/img/lec05_untidy_rel.png used on input line 
3639.
(pdftex.def)             Requested size: 475.49026pt x 194.6219pt.
[91

] <../assets/img/lec05_untidy_weather.png, id=1490, 702.37407pt x 264.23718pt>
File: ../assets/img/lec05_untidy_weather.png Graphic file (type png)
<use ../assets/img/lec05_untidy_weather.png>
Package pdftex.def Info: ../assets/img/lec05_untidy_weather.png used on input l
ine 3658.
(pdftex.def)             Requested size: 475.49673pt x 178.8846pt.
[92 <../assets/img/lec05_untidy_rel.png> <../assets/img/lec05_untidy_weather.pn
g>]
Underfull \hbox (badness 5446) in paragraph at lines 3709--3710
[]\T1/phv/m/n/10 (+20) What's the re-sult of the fol-low-ing com-mand: \T1/cmtt
/m/n/10 ggplot(data = mpg, aes(x = hwy, y = cty)) +
 []

<../assets/img/lec07-bad1.png, id=1500, 420.57124pt x 377.41pt>
File: ../assets/img/lec07-bad1.png Graphic file (type png)
<use ../assets/img/lec07-bad1.png>
Package pdftex.def Info: ../assets/img/lec07-bad1.png used on input line 3730.
(pdftex.def)             Requested size: 279.63786pt x 250.93994pt.
[93 <../assets/img/lec07-bad1.png>] [94

]
Chapter 10.
<../assets/img/lec05_tidy_rel.png, id=1514, 396.48125pt x 344.28625pt>
File: ../assets/img/lec05_tidy_rel.png Graphic file (type png)
<use ../assets/img/lec05_tidy_rel.png>
Package pdftex.def Info: ../assets/img/lec05_tidy_rel.png used on input line 37
89.
(pdftex.def)             Requested size: 225.8454pt x 196.11386pt.
<../assets/img/lec05_tidy_weather.png, id=1515, 403.5075pt x 342.27875pt>
File: ../assets/img/lec05_tidy_weather.png Graphic file (type png)
<use ../assets/img/lec05_tidy_weather.png>
Package pdftex.def Info: ../assets/img/lec05_tidy_weather.png used on input lin
e 3806.
(pdftex.def)             Requested size: 225.84567pt x 191.57555pt.
[95 <../assets/img/lec05_tidy_rel.png>]
Package atveryend Info: Empty hook `BeforeClearDocument' on input line 3858.
[96 <../assets/img/lec05_tidy_weather.png>]
Package atveryend Info: Empty hook `AfterLastShipout' on input line 3858.
(./ncRNA-workshop-book.aux)
Package atveryend Info: Executing hook `AtVeryEndDocument' on input line 3858.
Package atveryend Info: Executing hook `AtEndAfterFileList' on input line 3858.

Package rerunfilecheck Info: File `ncRNA-workshop-book.out' has not changed.
(rerunfilecheck)             Checksum: 680CBF9C0A9E4E77F8D5105A184E0848;14204.
Package atveryend Info: Empty hook `AtVeryVeryEnd' on input line 3858.
 ) 
Here is how much of TeX's memory you used:
 14086 strings out of 493013
 225226 string characters out of 6118181
 316346 words of memory out of 5000000
 16925 multiletter control sequences out of 15000+600000
 58357 words of font info for 178 fonts, out of 8000000 for 9000
 1141 hyphenation exceptions out of 8191
 32i,6n,38p,714b,457s stack positions out of 5000i,500n,10000p,200000b,80000s
{/data/nasif12/modules_if12/SL7/i12g/texlive/2016/texlive/texmf-dist/fonts/en
c/dvips/cm-super/cm-super-t1.enc}{/data/nasif12/modules_if12/SL7/i12g/texlive/2
016/texlive/texmf-dist/fonts/enc/dvips/cm-super/cm-super-ts1.enc}{/data/nasif12
/modules_if12/SL7/i12g/texlive/2016/texlive/texmf-dist/fonts/enc/dvips/base/8r.
enc}</data/nasif12/modules_if12/SL7/i12g/texlive/2016/texlive/texmf-dist/fonts/
type1/public/amsfonts/cm/cmbx10.pfb></data/nasif12/modules_if12/SL7/i12g/texliv
e/2016/texlive/texmf-dist/fonts/type1/public/amsfonts/cm/cmbx7.pfb></data/nasif
12/modules_if12/SL7/i12g/texlive/2016/texlive/texmf-dist/fonts/type1/public/ams
fonts/cm/cmex10.pfb></data/nasif12/modules_if12/SL7/i12g/texlive/2016/texlive/t
exmf-dist/fonts/type1/public/amsfonts/cm/cmmi10.pfb></data/nasif12/modules_if12
/SL7/i12g/texlive/2016/texlive/texmf-dist/fonts/type1/public/amsfonts/cm/cmmi5.
pfb></data/nasif12/modules_if12/SL7/i12g/texlive/2016/texlive/texmf-dist/fonts/
type1/public/amsfonts/cm/cmmi7.pfb></data/nasif12/modules_if12/SL7/i12g/texlive
/2016/texlive/texmf-dist/fonts/type1/public/amsfonts/cm/cmmib10.pfb></data/nasi
f12/modules_if12/SL7/i12g/texlive/2016/texlive/texmf-dist/fonts/type1/public/am
sfonts/cm/cmr10.pfb></data/nasif12/modules_if12/SL7/i12g/texlive/2016/texlive/t
exmf-dist/fonts/type1/public/amsfonts/cm/cmr5.pfb></data/nasif12/modules_if12/S
L7/i12g/texlive/2016/texlive/texmf-dist/fonts/type1/public/amsfonts/cm/cmr7.pfb
></data/nasif12/modules_if12/SL7/i12g/texlive/2016/texlive/texmf-dist/fonts/typ
e1/public/amsfonts/cm/cmsy10.pfb></data/nasif12/modules_if12/SL7/i12g/texlive/2
016/texlive/texmf-dist/fonts/type1/public/amsfonts/cm/cmsy7.pfb></data/nasif12/
modules_if12/SL7/i12g/texlive/2016/texlive/texmf-dist/fonts/type1/public/cm-sup
er/sfit1000.pfb></data/nasif12/modules_if12/SL7/i12g/texlive/2016/texlive/texmf
-dist/fonts/type1/public/cm-super/sftt1000.pfb></data/nasif12/modules_if12/SL7/
i12g/texlive/2016/texlive/texmf-dist/fonts/type1/public/cm-super/sftt1440.pfb><
/data/nasif12/modules_if12/SL7/i12g/texlive/2016/texlive/texmf-dist/fonts/type1
/urw/helvetic/uhvb8a.pfb></data/nasif12/modules_if12/SL7/i12g/texlive/2016/texl
ive/texmf-dist/fonts/type1/urw/helvetic/uhvbo8a.pfb></data/nasif12/modules_if12
/SL7/i12g/texlive/2016/texlive/texmf-dist/fonts/type1/urw/helvetic/uhvr8a.pfb><
/data/nasif12/modules_if12/SL7/i12g/texlive/2016/texlive/texmf-dist/fonts/type1
/urw/helvetic/uhvro8a.pfb>
Output written on ncRNA-workshop-book.pdf (96 pages, 9585705 bytes).
PDF statistics:
 1688 PDF objects out of 1728 (max. 8388607)
 1328 compressed objects within 14 object streams
 355 named destinations out of 1000 (max. 500000)
 19496 words of extra memory for PDF output out of 20736 (max. 10000000)

